<?xml version="1.0" encoding="UTF-8"?>
<testsuite xmlns:xsi="http://www.w3.org/2001/XMLSchema-instance" xsi:noNamespaceSchemaLocation="https://maven.apache.org/surefire/maven-surefire-plugin/xsd/surefire-test-report-3.0.xsd" version="3.0" name="com.product.app.domain.AuthorityTest" time="0.036" tests="1" errors="0" skipped="0" failures="0">
  <properties>
    <property name="sun.desktop" value="gnome"/>
    <property name="awt.toolkit" value="sun.awt.X11.XToolkit"/>
    <property name="java.specification.version" value="11"/>
    <property name="sun.cpu.isalist" value=""/>
    <property name="sun.jnu.encoding" value="UTF-8"/>
    <property name="java.class.path" value="/home/dorustree/Pictures/ocm-poc/ocm-poc/target/test-classes:/home/dorustree/Pictures/ocm-poc/ocm-poc/target/classes:/home/dorustree/.m2/repository/io/quarkus/quarkus-undertow/2.16.2.Final/quarkus-undertow-2.16.2.Final.jar:/home/dorustree/.m2/repository/io/quarkus/quarkus-vertx-http/2.16.2.Final/quarkus-vertx-http-2.16.2.Final.jar:/home/dorustree/.m2/repository/io/quarkus/quarkus-security-runtime-spi/2.16.2.Final/quarkus-security-runtime-spi-2.16.2.Final.jar:/home/dorustree/.m2/repository/io/quarkus/quarkus-credentials/2.16.2.Final/quarkus-credentials-2.16.2.Final.jar:/home/dorustree/.m2/repository/io/smallrye/common/smallrye-common-vertx-context/1.13.2/smallrye-common-vertx-context-1.13.2.jar:/home/dorustree/.m2/repository/io/smallrye/common/smallrye-common-constraint/1.13.2/smallrye-common-constraint-1.13.2.jar:/home/dorustree/.m2/repository/io/quarkus/quarkus-vertx-http-dev-console-runtime-spi/2.16.2.Final/quarkus-vertx-http-dev-console-runtime-spi-2.16.2.Final.jar:/home/dorustree/.m2/repository/io/smallrye/reactive/smallrye-mutiny-vertx-web/2.30.1/smallrye-mutiny-vertx-web-2.30.1.jar:/home/dorustree/.m2/repository/io/smallrye/reactive/smallrye-mutiny-vertx-web-common/2.30.1/smallrye-mutiny-vertx-web-common-2.30.1.jar:/home/dorustree/.m2/repository/io/smallrye/reactive/smallrye-mutiny-vertx-auth-common/2.30.1/smallrye-mutiny-vertx-auth-common-2.30.1.jar:/home/dorustree/.m2/repository/io/smallrye/reactive/smallrye-mutiny-vertx-bridge-common/2.30.1/smallrye-mutiny-vertx-bridge-common-2.30.1.jar:/home/dorustree/.m2/repository/io/smallrye/reactive/smallrye-mutiny-vertx-uri-template/2.30.1/smallrye-mutiny-vertx-uri-template-2.30.1.jar:/home/dorustree/.m2/repository/io/vertx/vertx-uri-template/4.3.7/vertx-uri-template-4.3.7.jar:/home/dorustree/.m2/repository/io/vertx/vertx-web/4.3.7/vertx-web-4.3.7.jar:/home/dorustree/.m2/repository/io/vertx/vertx-web-common/4.3.7/vertx-web-common-4.3.7.jar:/home/dorustree/.m2/repository/io/vertx/vertx-auth-common/4.3.7/vertx-auth-common-4.3.7.jar:/home/dorustree/.m2/repository/io/vertx/vertx-bridge-common/4.3.7/vertx-bridge-common-4.3.7.jar:/home/dorustree/.m2/repository/io/github/crac/org-crac/0.1.3/org-crac-0.1.3.jar:/home/dorustree/.m2/repository/io/quarkus/security/quarkus-security/1.1.4.Final/quarkus-security-1.1.4.Final.jar:/home/dorustree/.m2/repository/org/jboss/logging/jboss-logging/3.5.0.Final/jboss-logging-3.5.0.Final.jar:/home/dorustree/.m2/repository/io/smallrye/reactive/mutiny/1.9.0/mutiny-1.9.0.jar:/home/dorustree/.m2/repository/org/reactivestreams/reactive-streams/1.0.3/reactive-streams-1.0.3.jar:/home/dorustree/.m2/repository/jakarta/enterprise/jakarta.enterprise.cdi-api/2.0.2/jakarta.enterprise.cdi-api-2.0.2.jar:/home/dorustree/.m2/repository/jakarta/el/jakarta.el-api/3.0.3/jakarta.el-api-3.0.3.jar:/home/dorustree/.m2/repository/jakarta/interceptor/jakarta.interceptor-api/1.2.5/jakarta.interceptor-api-1.2.5.jar:/home/dorustree/.m2/repository/jakarta/inject/jakarta.inject-api/1.0/jakarta.inject-api-1.0.jar:/home/dorustree/.m2/repository/io/quarkus/http/quarkus-http-servlet/4.2.1/quarkus-http-servlet-4.2.1.jar:/home/dorustree/.m2/repository/jakarta/servlet/jakarta.servlet-api/4.0.3/jakarta.servlet-api-4.0.3.jar:/home/dorustree/.m2/repository/jakarta/annotation/jakarta.annotation-api/1.3.5/jakarta.annotation-api-1.3.5.jar:/home/dorustree/.m2/repository/io/quarkus/http/quarkus-http-vertx-backend/4.2.1/quarkus-http-vertx-backend-4.2.1.jar:/home/dorustree/.m2/repository/io/vertx/vertx-core/4.3.7/vertx-core-4.3.7.jar:/home/dorustree/.m2/repository/io/netty/netty-common/4.1.86.Final/netty-common-4.1.86.Final.jar:/home/dorustree/.m2/repository/io/netty/netty-buffer/4.1.86.Final/netty-buffer-4.1.86.Final.jar:/home/dorustree/.m2/repository/io/netty/netty-transport/4.1.86.Final/netty-transport-4.1.86.Final.jar:/home/dorustree/.m2/repository/io/netty/netty-handler/4.1.86.Final/netty-handler-4.1.86.Final.jar:/home/dorustree/.m2/repository/io/netty/netty-transport-native-unix-common/4.1.86.Final/netty-transport-native-unix-common-4.1.86.Final.jar:/home/dorustree/.m2/repository/io/netty/netty-handler-proxy/4.1.86.Final/netty-handler-proxy-4.1.86.Final.jar:/home/dorustree/.m2/repository/io/netty/netty-codec-socks/4.1.86.Final/netty-codec-socks-4.1.86.Final.jar:/home/dorustree/.m2/repository/io/netty/netty-codec-http2/4.1.86.Final/netty-codec-http2-4.1.86.Final.jar:/home/dorustree/.m2/repository/io/netty/netty-resolver/4.1.86.Final/netty-resolver-4.1.86.Final.jar:/home/dorustree/.m2/repository/io/netty/netty-resolver-dns/4.1.86.Final/netty-resolver-dns-4.1.86.Final.jar:/home/dorustree/.m2/repository/io/netty/netty-codec-dns/4.1.86.Final/netty-codec-dns-4.1.86.Final.jar:/home/dorustree/.m2/repository/io/quarkus/http/quarkus-http-http-core/4.2.1/quarkus-http-http-core-4.2.1.jar:/home/dorustree/.m2/repository/io/quarkus/http/quarkus-http-core/4.2.1/quarkus-http-core-4.2.1.jar:/home/dorustree/.m2/repository/io/netty/netty-codec-http/4.1.86.Final/netty-codec-http-4.1.86.Final.jar:/home/dorustree/.m2/repository/io/netty/netty-codec/4.1.86.Final/netty-codec-4.1.86.Final.jar:/home/dorustree/.m2/repository/io/quarkus/quarkus-core/2.16.2.Final/quarkus-core-2.16.2.Final.jar:/home/dorustree/.m2/repository/io/quarkus/quarkus-ide-launcher/2.16.2.Final/quarkus-ide-launcher-2.16.2.Final.jar:/home/dorustree/.m2/repository/io/quarkus/quarkus-development-mode-spi/2.16.2.Final/quarkus-development-mode-spi-2.16.2.Final.jar:/home/dorustree/.m2/repository/io/smallrye/config/smallrye-config/2.13.2/smallrye-config-2.13.2.jar:/home/dorustree/.m2/repository/io/smallrye/config/smallrye-config-core/2.13.2/smallrye-config-core-2.13.2.jar:/home/dorustree/.m2/repository/io/smallrye/common/smallrye-common-expression/1.13.2/smallrye-common-expression-1.13.2.jar:/home/dorustree/.m2/repository/io/smallrye/common/smallrye-common-function/1.13.2/smallrye-common-function-1.13.2.jar:/home/dorustree/.m2/repository/io/smallrye/common/smallrye-common-classloader/1.13.2/smallrye-common-classloader-1.13.2.jar:/home/dorustree/.m2/repository/io/smallrye/config/smallrye-config-common/2.13.2/smallrye-config-common-2.13.2.jar:/home/dorustree/.m2/repository/org/jboss/logmanager/jboss-logmanager-embedded/1.0.11/jboss-logmanager-embedded-1.0.11.jar:/home/dorustree/.m2/repository/org/jboss/logging/jboss-logging-annotations/2.2.1.Final/jboss-logging-annotations-2.2.1.Final.jar:/home/dorustree/.m2/repository/org/jboss/threads/jboss-threads/3.4.3.Final/jboss-threads-3.4.3.Final.jar:/home/dorustree/.m2/repository/org/graalvm/sdk/graal-sdk/22.3.0/graal-sdk-22.3.0.jar:/home/dorustree/.m2/repository/org/wildfly/common/wildfly-common/1.5.4.Final-format-001/wildfly-common-1.5.4.Final-format-001.jar:/home/dorustree/.m2/repository/io/quarkus/quarkus-bootstrap-runner/2.16.2.Final/quarkus-bootstrap-runner-2.16.2.Final.jar:/home/dorustree/.m2/repository/io/quarkus/quarkus-fs-util/0.0.9/quarkus-fs-util-0.0.9.jar:/home/dorustree/.m2/repository/org/eclipse/microprofile/context-propagation/microprofile-context-propagation-api/1.2/microprofile-context-propagation-api-1.2.jar:/home/dorustree/.m2/repository/io/quarkus/quarkus-resteasy/2.16.2.Final/quarkus-resteasy-2.16.2.Final.jar:/home/dorustree/.m2/repository/io/quarkus/quarkus-resteasy-server-common/2.16.2.Final/quarkus-resteasy-server-common-2.16.2.Final.jar:/home/dorustree/.m2/repository/io/quarkus/quarkus-resteasy-common/2.16.2.Final/quarkus-resteasy-common-2.16.2.Final.jar:/home/dorustree/.m2/repository/org/jboss/resteasy/resteasy-core/4.7.7.Final/resteasy-core-4.7.7.Final.jar:/home/dorustree/.m2/repository/org/jboss/resteasy/resteasy-core-spi/4.7.7.Final/resteasy-core-spi-4.7.7.Final.jar:/home/dorustree/.m2/repository/com/ibm/async/asyncutil/0.1.0/asyncutil-0.1.0.jar:/home/dorustree/.m2/repository/com/sun/activation/jakarta.activation/1.2.1/jakarta.activation-1.2.1.jar:/home/dorustree/.m2/repository/jakarta/validation/jakarta.validation-api/2.0.2/jakarta.validation-api-2.0.2.jar:/home/dorustree/.m2/repository/io/quarkus/quarkus-resteasy-jsonb/2.16.2.Final/quarkus-resteasy-jsonb-2.16.2.Final.jar:/home/dorustree/.m2/repository/io/quarkus/quarkus-jsonb/2.16.2.Final/quarkus-jsonb-2.16.2.Final.jar:/home/dorustree/.m2/repository/org/eclipse/yasson/1.0.11/yasson-1.0.11.jar:/home/dorustree/.m2/repository/org/jboss/resteasy/resteasy-json-binding-provider/4.7.7.Final/resteasy-json-binding-provider-4.7.7.Final.jar:/home/dorustree/.m2/repository/jakarta/json/bind/jakarta.json.bind-api/1.0.2/jakarta.json.bind-api-1.0.2.jar:/home/dorustree/.m2/repository/org/jboss/resteasy/resteasy-json-p-provider/4.7.7.Final/resteasy-json-p-provider-4.7.7.Final.jar:/home/dorustree/.m2/repository/commons-io/commons-io/2.11.0/commons-io-2.11.0.jar:/home/dorustree/.m2/repository/io/quarkus/quarkus-mailer/2.16.2.Final/quarkus-mailer-2.16.2.Final.jar:/home/dorustree/.m2/repository/io/quarkus/quarkus-vertx/2.16.2.Final/quarkus-vertx-2.16.2.Final.jar:/home/dorustree/.m2/repository/io/quarkus/quarkus-netty/2.16.2.Final/quarkus-netty-2.16.2.Final.jar:/home/dorustree/.m2/repository/com/aayushatharva/brotli4j/brotli4j/1.8.0/brotli4j-1.8.0.jar:/home/dorustree/.m2/repository/com/aayushatharva/brotli4j/native-linux-x86_64/1.8.0/native-linux-x86_64-1.8.0.jar:/home/dorustree/.m2/repository/io/netty/netty-codec-haproxy/4.1.86.Final/netty-codec-haproxy-4.1.86.Final.jar:/home/dorustree/.m2/repository/io/smallrye/common/smallrye-common-annotation/1.13.2/smallrye-common-annotation-1.13.2.jar:/home/dorustree/.m2/repository/io/quarkus/quarkus-vertx-latebound-mdc-provider/2.16.2.Final/quarkus-vertx-latebound-mdc-provider-2.16.2.Final.jar:/home/dorustree/.m2/repository/io/smallrye/reactive/smallrye-mutiny-vertx-core/2.30.1/smallrye-mutiny-vertx-core-2.30.1.jar:/home/dorustree/.m2/repository/io/smallrye/reactive/smallrye-mutiny-vertx-runtime/2.30.1/smallrye-mutiny-vertx-runtime-2.30.1.jar:/home/dorustree/.m2/repository/io/smallrye/reactive/vertx-mutiny-generator/2.30.1/vertx-mutiny-generator-2.30.1.jar:/home/dorustree/.m2/repository/io/vertx/vertx-codegen/4.3.7/vertx-codegen-4.3.7.jar:/home/dorustree/.m2/repository/io/smallrye/smallrye-fault-tolerance-vertx/5.6.0/smallrye-fault-tolerance-vertx-5.6.0.jar:/home/dorustree/.m2/repository/io/quarkus/quarkus-qute/2.16.2.Final/quarkus-qute-2.16.2.Final.jar:/home/dorustree/.m2/repository/io/quarkus/qute/qute-core/2.16.2.Final/qute-core-2.16.2.Final.jar:/home/dorustree/.m2/repository/io/quarkus/quarkus-mutiny/2.16.2.Final/quarkus-mutiny-2.16.2.Final.jar:/home/dorustree/.m2/repository/io/quarkus/quarkus-smallrye-context-propagation/2.16.2.Final/quarkus-smallrye-context-propagation-2.16.2.Final.jar:/home/dorustree/.m2/repository/io/smallrye/smallrye-context-propagation/1.2.2/smallrye-context-propagation-1.2.2.jar:/home/dorustree/.m2/repository/io/smallrye/smallrye-context-propagation-api/1.2.2/smallrye-context-propagation-api-1.2.2.jar:/home/dorustree/.m2/repository/io/smallrye/smallrye-context-propagation-storage/1.2.2/smallrye-context-propagation-storage-1.2.2.jar:/home/dorustree/.m2/repository/io/smallrye/reactive/mutiny-smallrye-context-propagation/1.9.0/mutiny-smallrye-context-propagation-1.9.0.jar:/home/dorustree/.m2/repository/io/smallrye/reactive/smallrye-mutiny-vertx-mail-client/2.30.1/smallrye-mutiny-vertx-mail-client-2.30.1.jar:/home/dorustree/.m2/repository/io/vertx/vertx-mail-client/4.3.7/vertx-mail-client-4.3.7.jar:/home/dorustree/.m2/repository/io/quarkus/quarkus-hibernate-orm-panache/2.16.2.Final/quarkus-hibernate-orm-panache-2.16.2.Final.jar:/home/dorustree/.m2/repository/io/quarkus/quarkus-hibernate-orm/2.16.2.Final/quarkus-hibernate-orm-2.16.2.Final.jar:/home/dorustree/.m2/repository/org/hibernate/hibernate-core/5.6.15.Final/hibernate-core-5.6.15.Final.jar:/home/dorustree/.m2/repository/antlr/antlr/2.7.7/antlr-2.7.7.jar:/home/dorustree/.m2/repository/org/hibernate/common/hibernate-commons-annotations/5.1.2.Final/hibernate-commons-annotations-5.1.2.Final.jar:/home/dorustree/.m2/repository/org/hibernate/hibernate-graalvm/5.6.15.Final/hibernate-graalvm-5.6.15.Final.jar:/home/dorustree/.m2/repository/org/glassfish/jaxb/jaxb-runtime/2.3.3-b02/jaxb-runtime-2.3.3-b02.jar:/home/dorustree/.m2/repository/org/glassfish/jaxb/txw2/2.3.3-b02/txw2-2.3.3-b02.jar:/home/dorustree/.m2/repository/com/sun/istack/istack-commons-runtime/3.0.10/istack-commons-runtime-3.0.10.jar:/home/dorustree/.m2/repository/org/jboss/spec/javax/xml/bind/jboss-jaxb-api_2.3_spec/2.0.0.Final/jboss-jaxb-api_2.3_spec-2.0.0.Final.jar:/home/dorustree/.m2/repository/jakarta/persistence/jakarta.persistence-api/2.2.3/jakarta.persistence-api-2.2.3.jar:/home/dorustree/.m2/repository/jakarta/transaction/jakarta.transaction-api/1.3.3/jakarta.transaction-api-1.3.3.jar:/home/dorustree/.m2/repository/org/hibernate/quarkus-local-cache/0.1.1/quarkus-local-cache-0.1.1.jar:/home/dorustree/.m2/repository/io/quarkus/quarkus-caffeine/2.16.2.Final/quarkus-caffeine-2.16.2.Final.jar:/home/dorustree/.m2/repository/com/github/ben-manes/caffeine/caffeine/3.1.1/caffeine-3.1.1.jar:/home/dorustree/.m2/repository/com/google/errorprone/error_prone_annotations/2.17.0/error_prone_annotations-2.17.0.jar:/home/dorustree/.m2/repository/io/quarkus/quarkus-hibernate-orm-panache-common/2.16.2.Final/quarkus-hibernate-orm-panache-common-2.16.2.Final.jar:/home/dorustree/.m2/repository/io/quarkus/quarkus-panache-hibernate-common/2.16.2.Final/quarkus-panache-hibernate-common-2.16.2.Final.jar:/home/dorustree/.m2/repository/io/quarkus/quarkus-panache-common/2.16.2.Final/quarkus-panache-common-2.16.2.Final.jar:/home/dorustree/.m2/repository/io/quarkus/quarkus-hibernate-validator/2.16.2.Final/quarkus-hibernate-validator-2.16.2.Final.jar:/home/dorustree/.m2/repository/org/hibernate/validator/hibernate-validator/6.2.5.Final/hibernate-validator-6.2.5.Final.jar:/home/dorustree/.m2/repository/com/fasterxml/classmate/1.5.1/classmate-1.5.1.jar:/home/dorustree/.m2/repository/org/glassfish/jakarta.el/3.0.4/jakarta.el-3.0.4.jar:/home/dorustree/.m2/repository/io/smallrye/config/smallrye-config-validator/2.13.2/smallrye-config-validator-2.13.2.jar:/home/dorustree/.m2/repository/org/jboss/spec/javax/ws/rs/jboss-jaxrs-api_2.1_spec/2.0.1.Final/jboss-jaxrs-api_2.1_spec-2.0.1.Final.jar:/home/dorustree/.m2/repository/io/quarkus/quarkus-jdbc-postgresql/2.16.2.Final/quarkus-jdbc-postgresql-2.16.2.Final.jar:/home/dorustree/.m2/repository/org/postgresql/postgresql/42.5.3/postgresql-42.5.3.jar:/home/dorustree/.m2/repository/io/quarkus/quarkus-liquibase/2.16.2.Final/quarkus-liquibase-2.16.2.Final.jar:/home/dorustree/.m2/repository/org/liquibase/liquibase-core/4.18.0/liquibase-core-4.18.0.jar:/home/dorustree/.m2/repository/com/opencsv/opencsv/5.7.1/opencsv-5.7.1.jar:/home/dorustree/.m2/repository/org/apache/commons/commons-text/1.10.0/commons-text-1.10.0.jar:/home/dorustree/.m2/repository/org/apache/commons/commons-collections4/4.4/commons-collections4-4.4.jar:/home/dorustree/.m2/repository/org/osgi/osgi.core/6.0.0/osgi.core-6.0.0.jar:/home/dorustree/.m2/repository/org/yaml/snakeyaml/1.33/snakeyaml-1.33.jar:/home/dorustree/.m2/repository/io/quarkus/quarkus-jaxb/2.16.2.Final/quarkus-jaxb-2.16.2.Final.jar:/home/dorustree/.m2/repository/io/quarkus/quarkus-jaxp/2.16.2.Final/quarkus-jaxp-2.16.2.Final.jar:/home/dorustree/.m2/repository/io/quarkus/quarkus-agroal/2.16.2.Final/quarkus-agroal-2.16.2.Final.jar:/home/dorustree/.m2/repository/io/quarkus/quarkus-datasource/2.16.2.Final/quarkus-datasource-2.16.2.Final.jar:/home/dorustree/.m2/repository/io/agroal/agroal-api/1.16/agroal-api-1.16.jar:/home/dorustree/.m2/repository/io/agroal/agroal-narayana/1.16/agroal-narayana-1.16.jar:/home/dorustree/.m2/repository/org/jboss/jboss-transaction-spi/7.6.0.Final/jboss-transaction-spi-7.6.0.Final.jar:/home/dorustree/.m2/repository/io/agroal/agroal-pool/1.16/agroal-pool-1.16.jar:/home/dorustree/.m2/repository/io/quarkus/quarkus-datasource-common/2.16.2.Final/quarkus-datasource-common-2.16.2.Final.jar:/home/dorustree/.m2/repository/io/quarkus/quarkus-narayana-jta/2.16.2.Final/quarkus-narayana-jta-2.16.2.Final.jar:/home/dorustree/.m2/repository/io/quarkus/quarkus-transaction-annotations/2.16.2.Final/quarkus-transaction-annotations-2.16.2.Final.jar:/home/dorustree/.m2/repository/io/smallrye/smallrye-context-propagation-jta/1.2.2/smallrye-context-propagation-jta-1.2.2.jar:/home/dorustree/.m2/repository/io/smallrye/reactive/smallrye-reactive-converter-api/2.7.0/smallrye-reactive-converter-api-2.7.0.jar:/home/dorustree/.m2/repository/io/smallrye/reactive/smallrye-reactive-converter-mutiny/2.7.0/smallrye-reactive-converter-mutiny-2.7.0.jar:/home/dorustree/.m2/repository/org/jboss/narayana/jta/narayana-jta/5.13.1.Final/narayana-jta-5.13.1.Final.jar:/home/dorustree/.m2/repository/org/jboss/spec/javax/resource/jboss-connector-api_1.7_spec/1.0.0.Final/jboss-connector-api_1.7_spec-1.0.0.Final.jar:/home/dorustree/.m2/repository/org/jboss/narayana/jts/narayana-jts-integration/5.13.1.Final/narayana-jts-integration-5.13.1.Final.jar:/home/dorustree/.m2/repository/io/quarkus/quarkus-elytron-security-jdbc/2.16.2.Final/quarkus-elytron-security-jdbc-2.16.2.Final.jar:/home/dorustree/.m2/repository/io/quarkus/quarkus-elytron-security/2.16.2.Final/quarkus-elytron-security-2.16.2.Final.jar:/home/dorustree/.m2/repository/io/quarkus/quarkus-elytron-security-common/2.16.2.Final/quarkus-elytron-security-common-2.16.2.Final.jar:/home/dorustree/.m2/repository/org/wildfly/security/wildfly-elytron-auth-server/1.20.1.Final/wildfly-elytron-auth-server-1.20.1.Final.jar:/home/dorustree/.m2/repository/org/wildfly/security/wildfly-elytron-base/1.20.1.Final/wildfly-elytron-base-1.20.1.Final.jar:/home/dorustree/.m2/repository/org/wildfly/security/wildfly-elytron-permission/1.20.1.Final/wildfly-elytron-permission-1.20.1.Final.jar:/home/dorustree/.m2/repository/org/wildfly/security/wildfly-elytron-x500/1.20.1.Final/wildfly-elytron-x500-1.20.1.Final.jar:/home/dorustree/.m2/repository/org/wildfly/security/wildfly-elytron-password-impl/1.20.1.Final/wildfly-elytron-password-impl-1.20.1.Final.jar:/home/dorustree/.m2/repository/org/wildfly/security/wildfly-elytron-realm/1.20.1.Final/wildfly-elytron-realm-1.20.1.Final.jar:/home/dorustree/.m2/repository/org/wildfly/security/wildfly-elytron-encryption/1.20.1.Final/wildfly-elytron-encryption-1.20.1.Final.jar:/home/dorustree/.m2/repository/jakarta/security/jacc/jakarta.security.jacc-api/1.6.1/jakarta.security.jacc-api-1.6.1.jar:/home/dorustree/.m2/repository/jakarta/security/auth/message/jakarta.security.auth.message-api/1.1.3/jakarta.security.auth.message-api-1.1.3.jar:/home/dorustree/.m2/repository/org/wildfly/security/wildfly-elytron-realm-jdbc/1.20.1.Final/wildfly-elytron-realm-jdbc-1.20.1.Final.jar:/home/dorustree/.m2/repository/org/wildfly/security/wildfly-elytron-auth/1.20.1.Final/wildfly-elytron-auth-1.20.1.Final.jar:/home/dorustree/.m2/repository/org/wildfly/security/wildfly-elytron-credential/1.20.1.Final/wildfly-elytron-credential-1.20.1.Final.jar:/home/dorustree/.m2/repository/org/wildfly/security/wildfly-elytron-asn1/1.20.1.Final/wildfly-elytron-asn1-1.20.1.Final.jar:/home/dorustree/.m2/repository/org/wildfly/security/wildfly-elytron-keystore/1.20.1.Final/wildfly-elytron-keystore-1.20.1.Final.jar:/home/dorustree/.m2/repository/org/wildfly/security/wildfly-elytron-x500-cert/1.20.1.Final/wildfly-elytron-x500-cert-1.20.1.Final.jar:/home/dorustree/.m2/repository/org/wildfly/security/wildfly-elytron-x500-cert-util/1.20.1.Final/wildfly-elytron-x500-cert-util-1.20.1.Final.jar:/home/dorustree/.m2/repository/org/apache/sshd/sshd-common/2.9.2/sshd-common-2.9.2.jar:/home/dorustree/.m2/repository/org/wildfly/security/wildfly-elytron-provider-util/1.20.1.Final/wildfly-elytron-provider-util-1.20.1.Final.jar:/home/dorustree/.m2/repository/org/wildfly/security/wildfly-elytron-util/1.20.1.Final/wildfly-elytron-util-1.20.1.Final.jar:/home/dorustree/.m2/repository/io/quarkus/quarkus-smallrye-jwt/2.16.2.Final/quarkus-smallrye-jwt-2.16.2.Final.jar:/home/dorustree/.m2/repository/io/smallrye/smallrye-jwt/3.6.0/smallrye-jwt-3.6.0.jar:/home/dorustree/.m2/repository/org/eclipse/microprofile/config/microprofile-config-api/2.0.1/microprofile-config-api-2.0.1.jar:/home/dorustree/.m2/repository/org/eclipse/microprofile/jwt/microprofile-jwt-auth-api/1.2/microprofile-jwt-auth-api-1.2.jar:/home/dorustree/.m2/repository/org/bitbucket/b_c/jose4j/0.9.2/jose4j-0.9.2.jar:/home/dorustree/.m2/repository/io/smallrye/smallrye-jwt-common/3.6.0/smallrye-jwt-common-3.6.0.jar:/home/dorustree/.m2/repository/io/quarkus/quarkus-reactive-routes/2.16.2.Final/quarkus-reactive-routes-2.16.2.Final.jar:/home/dorustree/.m2/repository/io/quarkus/quarkus-jackson/2.16.2.Final/quarkus-jackson-2.16.2.Final.jar:/home/dorustree/.m2/repository/com/fasterxml/jackson/datatype/jackson-datatype-jsr310/2.14.2/jackson-datatype-jsr310-2.14.2.jar:/home/dorustree/.m2/repository/com/fasterxml/jackson/datatype/jackson-datatype-jdk8/2.14.2/jackson-datatype-jdk8-2.14.2.jar:/home/dorustree/.m2/repository/com/fasterxml/jackson/module/jackson-module-parameter-names/2.14.2/jackson-module-parameter-names-2.14.2.jar:/home/dorustree/.m2/repository/io/quarkus/quarkus-security/2.16.2.Final/quarkus-security-2.16.2.Final.jar:/home/dorustree/.m2/repository/io/quarkus/quarkus-smallrye-jwt-build/2.16.2.Final/quarkus-smallrye-jwt-build-2.16.2.Final.jar:/home/dorustree/.m2/repository/io/smallrye/smallrye-jwt-build/3.6.0/smallrye-jwt-build-3.6.0.jar:/home/dorustree/.m2/repository/io/quarkus/quarkus-jsonp/2.16.2.Final/quarkus-jsonp-2.16.2.Final.jar:/home/dorustree/.m2/repository/org/glassfish/jakarta.json/1.1.6/jakarta.json-1.1.6.jar:/home/dorustree/.m2/repository/io/quarkus/quarkus-micrometer/2.16.2.Final/quarkus-micrometer-2.16.2.Final.jar:/home/dorustree/.m2/repository/io/micrometer/micrometer-core/1.10.2/micrometer-core-1.10.2.jar:/home/dorustree/.m2/repository/io/micrometer/micrometer-commons/1.10.2/micrometer-commons-1.10.2.jar:/home/dorustree/.m2/repository/io/micrometer/micrometer-observation/1.10.2/micrometer-observation-1.10.2.jar:/home/dorustree/.m2/repository/org/hdrhistogram/HdrHistogram/2.1.12/HdrHistogram-2.1.12.jar:/home/dorustree/.m2/repository/org/latencyutils/LatencyUtils/2.0.3/LatencyUtils-2.0.3.jar:/home/dorustree/.m2/repository/org/jboss/slf4j/slf4j-jboss-logmanager/1.2.0.Final/slf4j-jboss-logmanager-1.2.0.Final.jar:/home/dorustree/.m2/repository/io/quarkus/quarkus-micrometer-registry-prometheus/2.16.2.Final/quarkus-micrometer-registry-prometheus-2.16.2.Final.jar:/home/dorustree/.m2/repository/io/micrometer/micrometer-registry-prometheus/1.10.2/micrometer-registry-prometheus-1.10.2.jar:/home/dorustree/.m2/repository/io/prometheus/simpleclient_common/0.16.0/simpleclient_common-0.16.0.jar:/home/dorustree/.m2/repository/io/prometheus/simpleclient/0.16.0/simpleclient-0.16.0.jar:/home/dorustree/.m2/repository/io/prometheus/simpleclient_tracer_otel/0.16.0/simpleclient_tracer_otel-0.16.0.jar:/home/dorustree/.m2/repository/io/prometheus/simpleclient_tracer_common/0.16.0/simpleclient_tracer_common-0.16.0.jar:/home/dorustree/.m2/repository/io/prometheus/simpleclient_tracer_otel_agent/0.16.0/simpleclient_tracer_otel_agent-0.16.0.jar:/home/dorustree/.m2/repository/io/quarkus/quarkus-smallrye-health/2.16.2.Final/quarkus-smallrye-health-2.16.2.Final.jar:/home/dorustree/.m2/repository/io/smallrye/smallrye-health/3.3.1/smallrye-health-3.3.1.jar:/home/dorustree/.m2/repository/org/eclipse/microprofile/health/microprofile-health-api/3.1/microprofile-health-api-3.1.jar:/home/dorustree/.m2/repository/io/smallrye/smallrye-health-api/3.3.1/smallrye-health-api-3.3.1.jar:/home/dorustree/.m2/repository/io/smallrye/smallrye-health-provided-checks/3.3.1/smallrye-health-provided-checks-3.3.1.jar:/home/dorustree/.m2/repository/io/quarkus/quarkus-smallrye-openapi/2.16.2.Final/quarkus-smallrye-openapi-2.16.2.Final.jar:/home/dorustree/.m2/repository/io/smallrye/smallrye-open-api-core/3.1.1/smallrye-open-api-core-3.1.1.jar:/home/dorustree/.m2/repository/org/eclipse/microprofile/openapi/microprofile-openapi-api/2.0.1/microprofile-openapi-api-2.0.1.jar:/home/dorustree/.m2/repository/com/fasterxml/jackson/core/jackson-core/2.14.2/jackson-core-2.14.2.jar:/home/dorustree/.m2/repository/com/fasterxml/jackson/core/jackson-databind/2.14.2/jackson-databind-2.14.2.jar:/home/dorustree/.m2/repository/com/fasterxml/jackson/dataformat/jackson-dataformat-yaml/2.14.2/jackson-dataformat-yaml-2.14.2.jar:/home/dorustree/.m2/repository/io/smallrye/jandex/3.0.5/jandex-3.0.5.jar:/home/dorustree/.m2/repository/io/quarkus/quarkus-swagger-ui/2.16.2.Final/quarkus-swagger-ui-2.16.2.Final.jar:/home/dorustree/.m2/repository/org/apache/commons/commons-lang3/3.12.0/commons-lang3-3.12.0.jar:/home/dorustree/.m2/repository/io/quarkus/quarkus-arc/2.16.2.Final/quarkus-arc-2.16.2.Final.jar:/home/dorustree/.m2/repository/io/quarkus/arc/arc/2.16.2.Final/arc-2.16.2.Final.jar:/home/dorustree/.m2/repository/org/mapstruct/mapstruct/1.5.3.Final/mapstruct-1.5.3.Final.jar:/home/dorustree/.m2/repository/org/mapstruct/mapstruct-processor/1.5.3.Final/mapstruct-processor-1.5.3.Final.jar:/home/dorustree/.m2/repository/com/tietoevry/quarkus/quarkus-resteasy-problem/2.2.0/quarkus-resteasy-problem-2.2.0.jar:/home/dorustree/.m2/repository/com/google/code/findbugs/jsr305/3.0.2/jsr305-3.0.2.jar:/home/dorustree/.m2/repository/io/quarkus/quarkus-junit5/2.16.2.Final/quarkus-junit5-2.16.2.Final.jar:/home/dorustree/.m2/repository/io/quarkus/quarkus-bootstrap-core/2.16.2.Final/quarkus-bootstrap-core-2.16.2.Final.jar:/home/dorustree/.m2/repository/io/quarkus/quarkus-bootstrap-app-model/2.16.2.Final/quarkus-bootstrap-app-model-2.16.2.Final.jar:/home/dorustree/.m2/repository/io/smallrye/common/smallrye-common-io/1.13.2/smallrye-common-io-1.13.2.jar:/home/dorustree/.m2/repository/org/eclipse/sisu/org.eclipse.sisu.inject/0.3.5/org.eclipse.sisu.inject-0.3.5.jar:/home/dorustree/.m2/repository/io/quarkus/quarkus-test-common/2.16.2.Final/quarkus-test-common-2.16.2.Final.jar:/home/dorustree/.m2/repository/io/quarkus/quarkus-core-deployment/2.16.2.Final/quarkus-core-deployment-2.16.2.Final.jar:/home/dorustree/.m2/repository/org/aesh/readline/2.2/readline-2.2.jar:/home/dorustree/.m2/repository/org/fusesource/jansi/jansi/1.18/jansi-1.18.jar:/home/dorustree/.m2/repository/org/aesh/aesh/2.7/aesh-2.7.jar:/home/dorustree/.m2/repository/io/quarkus/gizmo/gizmo/1.6.0.Final/gizmo-1.6.0.Final.jar:/home/dorustree/.m2/repository/org/ow2/asm/asm-util/9.4/asm-util-9.4.jar:/home/dorustree/.m2/repository/org/ow2/asm/asm-analysis/9.4/asm-analysis-9.4.jar:/home/dorustree/.m2/repository/io/quarkus/quarkus-class-change-agent/2.16.2.Final/quarkus-class-change-agent-2.16.2.Final.jar:/home/dorustree/.m2/repository/io/quarkus/quarkus-devtools-utilities/2.16.2.Final/quarkus-devtools-utilities-2.16.2.Final.jar:/home/dorustree/.m2/repository/io/quarkus/quarkus-builder/2.16.2.Final/quarkus-builder-2.16.2.Final.jar:/home/dorustree/.m2/repository/org/junit/platform/junit-platform-launcher/1.9.2/junit-platform-launcher-1.9.2.jar:/home/dorustree/.m2/repository/io/quarkus/quarkus-bootstrap-maven-resolver/2.16.2.Final/quarkus-bootstrap-maven-resolver-2.16.2.Final.jar:/home/dorustree/.m2/repository/org/apache/maven/maven-embedder/3.8.6/maven-embedder-3.8.6.jar:/home/dorustree/.m2/repository/org/apache/maven/maven-settings/3.8.6/maven-settings-3.8.6.jar:/home/dorustree/.m2/repository/org/apache/maven/maven-core/3.8.6/maven-core-3.8.6.jar:/home/dorustree/.m2/repository/org/apache/maven/maven-artifact/3.8.6/maven-artifact-3.8.6.jar:/home/dorustree/.m2/repository/org/codehaus/plexus/plexus-component-annotations/2.1.0/plexus-component-annotations-2.1.0.jar:/home/dorustree/.m2/repository/org/apache/maven/maven-plugin-api/3.8.6/maven-plugin-api-3.8.6.jar:/home/dorustree/.m2/repository/org/apache/maven/maven-model/3.8.6/maven-model-3.8.6.jar:/home/dorustree/.m2/repository/org/apache/maven/maven-model-builder/3.8.6/maven-model-builder-3.8.6.jar:/home/dorustree/.m2/repository/org/apache/maven/maven-builder-support/3.8.6/maven-builder-support-3.8.6.jar:/home/dorustree/.m2/repository/org/apache/maven/resolver/maven-resolver-api/1.6.3/maven-resolver-api-1.6.3.jar:/home/dorustree/.m2/repository/org/apache/maven/resolver/maven-resolver-util/1.6.3/maven-resolver-util-1.6.3.jar:/home/dorustree/.m2/repository/org/apache/maven/shared/maven-shared-utils/3.3.4/maven-shared-utils-3.3.4.jar:/home/dorustree/.m2/repository/com/google/inject/guice/4.2.2/guice-4.2.2-no_aop.jar:/home/dorustree/.m2/repository/com/google/guava/guava/31.1-jre/guava-31.1-jre.jar:/home/dorustree/.m2/repository/com/google/guava/failureaccess/1.0.1/failureaccess-1.0.1.jar:/home/dorustree/.m2/repository/org/codehaus/plexus/plexus-classworlds/2.6.0/plexus-classworlds-2.6.0.jar:/home/dorustree/.m2/repository/org/codehaus/plexus/plexus-sec-dispatcher/2.0/plexus-sec-dispatcher-2.0.jar:/home/dorustree/.m2/repository/org/codehaus/plexus/plexus-cipher/2.0/plexus-cipher-2.0.jar:/home/dorustree/.m2/repository/commons-cli/commons-cli/1.4/commons-cli-1.4.jar:/home/dorustree/.m2/repository/org/eclipse/sisu/org.eclipse.sisu.plexus/0.3.5/org.eclipse.sisu.plexus-0.3.5.jar:/home/dorustree/.m2/repository/org/apache/maven/maven-settings-builder/3.8.6/maven-settings-builder-3.8.6.jar:/home/dorustree/.m2/repository/org/codehaus/plexus/plexus-interpolation/1.26/plexus-interpolation-1.26.jar:/home/dorustree/.m2/repository/org/apache/maven/maven-resolver-provider/3.8.6/maven-resolver-provider-3.8.6.jar:/home/dorustree/.m2/repository/org/apache/maven/maven-repository-metadata/3.8.6/maven-repository-metadata-3.8.6.jar:/home/dorustree/.m2/repository/org/apache/maven/resolver/maven-resolver-spi/1.6.3/maven-resolver-spi-1.6.3.jar:/home/dorustree/.m2/repository/org/apache/maven/resolver/maven-resolver-impl/1.6.3/maven-resolver-impl-1.6.3.jar:/home/dorustree/.m2/repository/org/codehaus/plexus/plexus-utils/3.3.0/plexus-utils-3.3.0.jar:/home/dorustree/.m2/repository/org/apache/maven/resolver/maven-resolver-connector-basic/1.6.3/maven-resolver-connector-basic-1.6.3.jar:/home/dorustree/.m2/repository/org/apache/maven/resolver/maven-resolver-transport-wagon/1.6.3/maven-resolver-transport-wagon-1.6.3.jar:/home/dorustree/.m2/repository/org/apache/maven/wagon/wagon-http/3.5.1/wagon-http-3.5.1.jar:/home/dorustree/.m2/repository/org/apache/maven/wagon/wagon-http-shared/3.5.1/wagon-http-shared-3.5.1.jar:/home/dorustree/.m2/repository/org/apache/maven/wagon/wagon-provider-api/3.5.1/wagon-provider-api-3.5.1.jar:/home/dorustree/.m2/repository/org/apache/maven/wagon/wagon-file/3.5.1/wagon-file-3.5.1.jar:/home/dorustree/.m2/repository/io/quarkus/quarkus-bootstrap-gradle-resolver/2.16.2.Final/quarkus-bootstrap-gradle-resolver-2.16.2.Final.jar:/home/dorustree/.m2/repository/org/jboss/logging/commons-logging-jboss-logging/1.0.0.Final/commons-logging-jboss-logging-1.0.0.Final.jar:/home/dorustree/.m2/repository/io/quarkus/quarkus-junit5-properties/2.16.2.Final/quarkus-junit5-properties-2.16.2.Final.jar:/home/dorustree/.m2/repository/org/junit/jupiter/junit-jupiter/5.9.2/junit-jupiter-5.9.2.jar:/home/dorustree/.m2/repository/org/junit/jupiter/junit-jupiter-api/5.9.2/junit-jupiter-api-5.9.2.jar:/home/dorustree/.m2/repository/org/opentest4j/opentest4j/1.2.0/opentest4j-1.2.0.jar:/home/dorustree/.m2/repository/org/junit/platform/junit-platform-commons/1.9.2/junit-platform-commons-1.9.2.jar:/home/dorustree/.m2/repository/org/apiguardian/apiguardian-api/1.1.2/apiguardian-api-1.1.2.jar:/home/dorustree/.m2/repository/org/junit/jupiter/junit-jupiter-params/5.9.2/junit-jupiter-params-5.9.2.jar:/home/dorustree/.m2/repository/org/junit/jupiter/junit-jupiter-engine/5.9.2/junit-jupiter-engine-5.9.2.jar:/home/dorustree/.m2/repository/org/junit/platform/junit-platform-engine/1.9.2/junit-platform-engine-1.9.2.jar:/home/dorustree/.m2/repository/com/thoughtworks/xstream/xstream/1.4.20/xstream-1.4.20.jar:/home/dorustree/.m2/repository/io/github/x-stream/mxparser/1.2.2/mxparser-1.2.2.jar:/home/dorustree/.m2/repository/xmlpull/xmlpull/1.1.3.1/xmlpull-1.1.3.1.jar:/home/dorustree/.m2/repository/io/quarkus/quarkus-junit5-mockito/2.16.2.Final/quarkus-junit5-mockito-2.16.2.Final.jar:/home/dorustree/.m2/repository/io/quarkus/quarkus-junit5-mockito-config/2.16.2.Final/quarkus-junit5-mockito-config-2.16.2.Final.jar:/home/dorustree/.m2/repository/io/quarkus/quarkus-arc-deployment/2.16.2.Final/quarkus-arc-deployment-2.16.2.Final.jar:/home/dorustree/.m2/repository/io/quarkus/quarkus-smallrye-context-propagation-spi/2.16.2.Final/quarkus-smallrye-context-propagation-spi-2.16.2.Final.jar:/home/dorustree/.m2/repository/io/quarkus/quarkus-vertx-http-dev-console-spi/2.16.2.Final/quarkus-vertx-http-dev-console-spi-2.16.2.Final.jar:/home/dorustree/.m2/repository/io/quarkus/arc/arc-processor/2.16.2.Final/arc-processor-2.16.2.Final.jar:/home/dorustree/.m2/repository/org/mockito/mockito-core/4.11.0/mockito-core-4.11.0.jar:/home/dorustree/.m2/repository/net/bytebuddy/byte-buddy-agent/1.12.19/byte-buddy-agent-1.12.19.jar:/home/dorustree/.m2/repository/org/objenesis/objenesis/3.3/objenesis-3.3.jar:/home/dorustree/.m2/repository/io/rest-assured/rest-assured/4.5.1/rest-assured-4.5.1.jar:/home/dorustree/.m2/repository/org/codehaus/groovy/groovy/3.0.9/groovy-3.0.9.jar:/home/dorustree/.m2/repository/org/codehaus/groovy/groovy-xml/3.0.9/groovy-xml-3.0.9.jar:/home/dorustree/.m2/repository/org/apache/httpcomponents/httpclient/4.5.14/httpclient-4.5.14.jar:/home/dorustree/.m2/repository/org/apache/httpcomponents/httpcore/4.4.16/httpcore-4.4.16.jar:/home/dorustree/.m2/repository/commons-codec/commons-codec/1.15/commons-codec-1.15.jar:/home/dorustree/.m2/repository/org/apache/httpcomponents/httpmime/4.5.14/httpmime-4.5.14.jar:/home/dorustree/.m2/repository/org/hamcrest/hamcrest/2.1/hamcrest-2.1.jar:/home/dorustree/.m2/repository/org/ccil/cowan/tagsoup/tagsoup/1.2.1/tagsoup-1.2.1.jar:/home/dorustree/.m2/repository/io/rest-assured/json-path/4.5.1/json-path-4.5.1.jar:/home/dorustree/.m2/repository/org/codehaus/groovy/groovy-json/3.0.9/groovy-json-3.0.9.jar:/home/dorustree/.m2/repository/io/rest-assured/rest-assured-common/4.5.1/rest-assured-common-4.5.1.jar:/home/dorustree/.m2/repository/io/rest-assured/xml-path/4.5.1/xml-path-4.5.1.jar:/home/dorustree/.m2/repository/org/assertj/assertj-core/3.24.2/assertj-core-3.24.2.jar:/home/dorustree/.m2/repository/net/bytebuddy/byte-buddy/1.12.18/byte-buddy-1.12.18.jar:/home/dorustree/.m2/repository/com/tngtech/archunit/archunit-junit5/1.0.1/archunit-junit5-1.0.1.jar:/home/dorustree/.m2/repository/com/tngtech/archunit/archunit-junit5-api/1.0.1/archunit-junit5-api-1.0.1.jar:/home/dorustree/.m2/repository/com/tngtech/archunit/archunit/1.0.1/archunit-1.0.1.jar:/home/dorustree/.m2/repository/com/tngtech/archunit/archunit-junit5-engine/1.0.1/archunit-junit5-engine-1.0.1.jar:/home/dorustree/.m2/repository/com/tngtech/archunit/archunit-junit5-engine-api/1.0.1/archunit-junit5-engine-api-1.0.1.jar:/home/dorustree/.m2/repository/io/quarkus/quarkus-jacoco/2.16.2.Final/quarkus-jacoco-2.16.2.Final.jar:/home/dorustree/.m2/repository/org/jacoco/org.jacoco.core/0.8.8/org.jacoco.core-0.8.8.jar:/home/dorustree/.m2/repository/org/ow2/asm/asm/9.4/asm-9.4.jar:/home/dorustree/.m2/repository/org/ow2/asm/asm-tree/9.4/asm-tree-9.4.jar:/home/dorustree/.m2/repository/org/jacoco/org.jacoco.report/0.8.8/org.jacoco.report-0.8.8.jar:/home/dorustree/.m2/repository/org/jacoco/org.jacoco.agent/0.8.8/org.jacoco.agent-0.8.8.jar:/home/dorustree/.m2/repository/org/jacoco/org.jacoco.agent/0.8.8/org.jacoco.agent-0.8.8-runtime.jar:/home/dorustree/.m2/repository/org/ow2/asm/asm-commons/9.4/asm-commons-9.4.jar:/home/dorustree/.m2/repository/org/testcontainers/testcontainers/1.17.6/testcontainers-1.17.6.jar:/home/dorustree/.m2/repository/junit/junit/4.13.2/junit-4.13.2.jar:/home/dorustree/.m2/repository/org/slf4j/slf4j-api/1.7.36/slf4j-api-1.7.36.jar:/home/dorustree/.m2/repository/org/apache/commons/commons-compress/1.22/commons-compress-1.22.jar:/home/dorustree/.m2/repository/org/rnorth/duct-tape/duct-tape/1.0.8/duct-tape-1.0.8.jar:/home/dorustree/.m2/repository/org/jetbrains/annotations/17.0.0/annotations-17.0.0.jar:/home/dorustree/.m2/repository/com/github/docker-java/docker-java-api/3.2.13/docker-java-api-3.2.13.jar:/home/dorustree/.m2/repository/com/fasterxml/jackson/core/jackson-annotations/2.14.2/jackson-annotations-2.14.2.jar:/home/dorustree/.m2/repository/com/github/docker-java/docker-java-transport-zerodep/3.2.13/docker-java-transport-zerodep-3.2.13.jar:/home/dorustree/.m2/repository/com/github/docker-java/docker-java-transport/3.2.13/docker-java-transport-3.2.13.jar:/home/dorustree/.m2/repository/net/java/dev/jna/jna/5.8.0/jna-5.8.0.jar:"/>
    <property name="java.vm.vendor" value="Ubuntu"/>
    <property name="sun.arch.data.model" value="64"/>
    <property name="java.vendor.url" value="https://ubuntu.com/"/>
    <property name="user.timezone" value="Asia/Kolkata"/>
    <property name="java.vm.specification.version" value="11"/>
    <property name="os.name" value="Linux"/>
    <property name="sun.java.launcher" value="SUN_STANDARD"/>
    <property name="user.country" value="IN"/>
    <property name="sun.boot.library.path" value="/usr/lib/jvm/java-11-openjdk-amd64/lib"/>
    <property name="sun.java.command" value="/home/dorustree/Pictures/ocm-poc/ocm-poc/target/surefire/surefirebooter-20230629125300638_3.jar /home/dorustree/Pictures/ocm-poc/ocm-poc/target/surefire 2023-06-29T12-53-00_280-jvmRun1 surefire-20230629125300638_1tmp surefire_0-20230629125300638_2tmp"/>
    <property name="jdk.debug" value="release"/>
    <property name="maven.home" value="/usr/share/apache-maven-3.9.2"/>
    <property name="surefire.test.class.path" value="/home/dorustree/Pictures/ocm-poc/ocm-poc/target/test-classes:/home/dorustree/Pictures/ocm-poc/ocm-poc/target/classes:/home/dorustree/.m2/repository/io/quarkus/quarkus-undertow/2.16.2.Final/quarkus-undertow-2.16.2.Final.jar:/home/dorustree/.m2/repository/io/quarkus/quarkus-vertx-http/2.16.2.Final/quarkus-vertx-http-2.16.2.Final.jar:/home/dorustree/.m2/repository/io/quarkus/quarkus-security-runtime-spi/2.16.2.Final/quarkus-security-runtime-spi-2.16.2.Final.jar:/home/dorustree/.m2/repository/io/quarkus/quarkus-credentials/2.16.2.Final/quarkus-credentials-2.16.2.Final.jar:/home/dorustree/.m2/repository/io/smallrye/common/smallrye-common-vertx-context/1.13.2/smallrye-common-vertx-context-1.13.2.jar:/home/dorustree/.m2/repository/io/smallrye/common/smallrye-common-constraint/1.13.2/smallrye-common-constraint-1.13.2.jar:/home/dorustree/.m2/repository/io/quarkus/quarkus-vertx-http-dev-console-runtime-spi/2.16.2.Final/quarkus-vertx-http-dev-console-runtime-spi-2.16.2.Final.jar:/home/dorustree/.m2/repository/io/smallrye/reactive/smallrye-mutiny-vertx-web/2.30.1/smallrye-mutiny-vertx-web-2.30.1.jar:/home/dorustree/.m2/repository/io/smallrye/reactive/smallrye-mutiny-vertx-web-common/2.30.1/smallrye-mutiny-vertx-web-common-2.30.1.jar:/home/dorustree/.m2/repository/io/smallrye/reactive/smallrye-mutiny-vertx-auth-common/2.30.1/smallrye-mutiny-vertx-auth-common-2.30.1.jar:/home/dorustree/.m2/repository/io/smallrye/reactive/smallrye-mutiny-vertx-bridge-common/2.30.1/smallrye-mutiny-vertx-bridge-common-2.30.1.jar:/home/dorustree/.m2/repository/io/smallrye/reactive/smallrye-mutiny-vertx-uri-template/2.30.1/smallrye-mutiny-vertx-uri-template-2.30.1.jar:/home/dorustree/.m2/repository/io/vertx/vertx-uri-template/4.3.7/vertx-uri-template-4.3.7.jar:/home/dorustree/.m2/repository/io/vertx/vertx-web/4.3.7/vertx-web-4.3.7.jar:/home/dorustree/.m2/repository/io/vertx/vertx-web-common/4.3.7/vertx-web-common-4.3.7.jar:/home/dorustree/.m2/repository/io/vertx/vertx-auth-common/4.3.7/vertx-auth-common-4.3.7.jar:/home/dorustree/.m2/repository/io/vertx/vertx-bridge-common/4.3.7/vertx-bridge-common-4.3.7.jar:/home/dorustree/.m2/repository/io/github/crac/org-crac/0.1.3/org-crac-0.1.3.jar:/home/dorustree/.m2/repository/io/quarkus/security/quarkus-security/1.1.4.Final/quarkus-security-1.1.4.Final.jar:/home/dorustree/.m2/repository/org/jboss/logging/jboss-logging/3.5.0.Final/jboss-logging-3.5.0.Final.jar:/home/dorustree/.m2/repository/io/smallrye/reactive/mutiny/1.9.0/mutiny-1.9.0.jar:/home/dorustree/.m2/repository/org/reactivestreams/reactive-streams/1.0.3/reactive-streams-1.0.3.jar:/home/dorustree/.m2/repository/jakarta/enterprise/jakarta.enterprise.cdi-api/2.0.2/jakarta.enterprise.cdi-api-2.0.2.jar:/home/dorustree/.m2/repository/jakarta/el/jakarta.el-api/3.0.3/jakarta.el-api-3.0.3.jar:/home/dorustree/.m2/repository/jakarta/interceptor/jakarta.interceptor-api/1.2.5/jakarta.interceptor-api-1.2.5.jar:/home/dorustree/.m2/repository/jakarta/inject/jakarta.inject-api/1.0/jakarta.inject-api-1.0.jar:/home/dorustree/.m2/repository/io/quarkus/http/quarkus-http-servlet/4.2.1/quarkus-http-servlet-4.2.1.jar:/home/dorustree/.m2/repository/jakarta/servlet/jakarta.servlet-api/4.0.3/jakarta.servlet-api-4.0.3.jar:/home/dorustree/.m2/repository/jakarta/annotation/jakarta.annotation-api/1.3.5/jakarta.annotation-api-1.3.5.jar:/home/dorustree/.m2/repository/io/quarkus/http/quarkus-http-vertx-backend/4.2.1/quarkus-http-vertx-backend-4.2.1.jar:/home/dorustree/.m2/repository/io/vertx/vertx-core/4.3.7/vertx-core-4.3.7.jar:/home/dorustree/.m2/repository/io/netty/netty-common/4.1.86.Final/netty-common-4.1.86.Final.jar:/home/dorustree/.m2/repository/io/netty/netty-buffer/4.1.86.Final/netty-buffer-4.1.86.Final.jar:/home/dorustree/.m2/repository/io/netty/netty-transport/4.1.86.Final/netty-transport-4.1.86.Final.jar:/home/dorustree/.m2/repository/io/netty/netty-handler/4.1.86.Final/netty-handler-4.1.86.Final.jar:/home/dorustree/.m2/repository/io/netty/netty-transport-native-unix-common/4.1.86.Final/netty-transport-native-unix-common-4.1.86.Final.jar:/home/dorustree/.m2/repository/io/netty/netty-handler-proxy/4.1.86.Final/netty-handler-proxy-4.1.86.Final.jar:/home/dorustree/.m2/repository/io/netty/netty-codec-socks/4.1.86.Final/netty-codec-socks-4.1.86.Final.jar:/home/dorustree/.m2/repository/io/netty/netty-codec-http2/4.1.86.Final/netty-codec-http2-4.1.86.Final.jar:/home/dorustree/.m2/repository/io/netty/netty-resolver/4.1.86.Final/netty-resolver-4.1.86.Final.jar:/home/dorustree/.m2/repository/io/netty/netty-resolver-dns/4.1.86.Final/netty-resolver-dns-4.1.86.Final.jar:/home/dorustree/.m2/repository/io/netty/netty-codec-dns/4.1.86.Final/netty-codec-dns-4.1.86.Final.jar:/home/dorustree/.m2/repository/io/quarkus/http/quarkus-http-http-core/4.2.1/quarkus-http-http-core-4.2.1.jar:/home/dorustree/.m2/repository/io/quarkus/http/quarkus-http-core/4.2.1/quarkus-http-core-4.2.1.jar:/home/dorustree/.m2/repository/io/netty/netty-codec-http/4.1.86.Final/netty-codec-http-4.1.86.Final.jar:/home/dorustree/.m2/repository/io/netty/netty-codec/4.1.86.Final/netty-codec-4.1.86.Final.jar:/home/dorustree/.m2/repository/io/quarkus/quarkus-core/2.16.2.Final/quarkus-core-2.16.2.Final.jar:/home/dorustree/.m2/repository/io/quarkus/quarkus-ide-launcher/2.16.2.Final/quarkus-ide-launcher-2.16.2.Final.jar:/home/dorustree/.m2/repository/io/quarkus/quarkus-development-mode-spi/2.16.2.Final/quarkus-development-mode-spi-2.16.2.Final.jar:/home/dorustree/.m2/repository/io/smallrye/config/smallrye-config/2.13.2/smallrye-config-2.13.2.jar:/home/dorustree/.m2/repository/io/smallrye/config/smallrye-config-core/2.13.2/smallrye-config-core-2.13.2.jar:/home/dorustree/.m2/repository/io/smallrye/common/smallrye-common-expression/1.13.2/smallrye-common-expression-1.13.2.jar:/home/dorustree/.m2/repository/io/smallrye/common/smallrye-common-function/1.13.2/smallrye-common-function-1.13.2.jar:/home/dorustree/.m2/repository/io/smallrye/common/smallrye-common-classloader/1.13.2/smallrye-common-classloader-1.13.2.jar:/home/dorustree/.m2/repository/io/smallrye/config/smallrye-config-common/2.13.2/smallrye-config-common-2.13.2.jar:/home/dorustree/.m2/repository/org/jboss/logmanager/jboss-logmanager-embedded/1.0.11/jboss-logmanager-embedded-1.0.11.jar:/home/dorustree/.m2/repository/org/jboss/logging/jboss-logging-annotations/2.2.1.Final/jboss-logging-annotations-2.2.1.Final.jar:/home/dorustree/.m2/repository/org/jboss/threads/jboss-threads/3.4.3.Final/jboss-threads-3.4.3.Final.jar:/home/dorustree/.m2/repository/org/graalvm/sdk/graal-sdk/22.3.0/graal-sdk-22.3.0.jar:/home/dorustree/.m2/repository/org/wildfly/common/wildfly-common/1.5.4.Final-format-001/wildfly-common-1.5.4.Final-format-001.jar:/home/dorustree/.m2/repository/io/quarkus/quarkus-bootstrap-runner/2.16.2.Final/quarkus-bootstrap-runner-2.16.2.Final.jar:/home/dorustree/.m2/repository/io/quarkus/quarkus-fs-util/0.0.9/quarkus-fs-util-0.0.9.jar:/home/dorustree/.m2/repository/org/eclipse/microprofile/context-propagation/microprofile-context-propagation-api/1.2/microprofile-context-propagation-api-1.2.jar:/home/dorustree/.m2/repository/io/quarkus/quarkus-resteasy/2.16.2.Final/quarkus-resteasy-2.16.2.Final.jar:/home/dorustree/.m2/repository/io/quarkus/quarkus-resteasy-server-common/2.16.2.Final/quarkus-resteasy-server-common-2.16.2.Final.jar:/home/dorustree/.m2/repository/io/quarkus/quarkus-resteasy-common/2.16.2.Final/quarkus-resteasy-common-2.16.2.Final.jar:/home/dorustree/.m2/repository/org/jboss/resteasy/resteasy-core/4.7.7.Final/resteasy-core-4.7.7.Final.jar:/home/dorustree/.m2/repository/org/jboss/resteasy/resteasy-core-spi/4.7.7.Final/resteasy-core-spi-4.7.7.Final.jar:/home/dorustree/.m2/repository/com/ibm/async/asyncutil/0.1.0/asyncutil-0.1.0.jar:/home/dorustree/.m2/repository/com/sun/activation/jakarta.activation/1.2.1/jakarta.activation-1.2.1.jar:/home/dorustree/.m2/repository/jakarta/validation/jakarta.validation-api/2.0.2/jakarta.validation-api-2.0.2.jar:/home/dorustree/.m2/repository/io/quarkus/quarkus-resteasy-jsonb/2.16.2.Final/quarkus-resteasy-jsonb-2.16.2.Final.jar:/home/dorustree/.m2/repository/io/quarkus/quarkus-jsonb/2.16.2.Final/quarkus-jsonb-2.16.2.Final.jar:/home/dorustree/.m2/repository/org/eclipse/yasson/1.0.11/yasson-1.0.11.jar:/home/dorustree/.m2/repository/org/jboss/resteasy/resteasy-json-binding-provider/4.7.7.Final/resteasy-json-binding-provider-4.7.7.Final.jar:/home/dorustree/.m2/repository/jakarta/json/bind/jakarta.json.bind-api/1.0.2/jakarta.json.bind-api-1.0.2.jar:/home/dorustree/.m2/repository/org/jboss/resteasy/resteasy-json-p-provider/4.7.7.Final/resteasy-json-p-provider-4.7.7.Final.jar:/home/dorustree/.m2/repository/commons-io/commons-io/2.11.0/commons-io-2.11.0.jar:/home/dorustree/.m2/repository/io/quarkus/quarkus-mailer/2.16.2.Final/quarkus-mailer-2.16.2.Final.jar:/home/dorustree/.m2/repository/io/quarkus/quarkus-vertx/2.16.2.Final/quarkus-vertx-2.16.2.Final.jar:/home/dorustree/.m2/repository/io/quarkus/quarkus-netty/2.16.2.Final/quarkus-netty-2.16.2.Final.jar:/home/dorustree/.m2/repository/com/aayushatharva/brotli4j/brotli4j/1.8.0/brotli4j-1.8.0.jar:/home/dorustree/.m2/repository/com/aayushatharva/brotli4j/native-linux-x86_64/1.8.0/native-linux-x86_64-1.8.0.jar:/home/dorustree/.m2/repository/io/netty/netty-codec-haproxy/4.1.86.Final/netty-codec-haproxy-4.1.86.Final.jar:/home/dorustree/.m2/repository/io/smallrye/common/smallrye-common-annotation/1.13.2/smallrye-common-annotation-1.13.2.jar:/home/dorustree/.m2/repository/io/quarkus/quarkus-vertx-latebound-mdc-provider/2.16.2.Final/quarkus-vertx-latebound-mdc-provider-2.16.2.Final.jar:/home/dorustree/.m2/repository/io/smallrye/reactive/smallrye-mutiny-vertx-core/2.30.1/smallrye-mutiny-vertx-core-2.30.1.jar:/home/dorustree/.m2/repository/io/smallrye/reactive/smallrye-mutiny-vertx-runtime/2.30.1/smallrye-mutiny-vertx-runtime-2.30.1.jar:/home/dorustree/.m2/repository/io/smallrye/reactive/vertx-mutiny-generator/2.30.1/vertx-mutiny-generator-2.30.1.jar:/home/dorustree/.m2/repository/io/vertx/vertx-codegen/4.3.7/vertx-codegen-4.3.7.jar:/home/dorustree/.m2/repository/io/smallrye/smallrye-fault-tolerance-vertx/5.6.0/smallrye-fault-tolerance-vertx-5.6.0.jar:/home/dorustree/.m2/repository/io/quarkus/quarkus-qute/2.16.2.Final/quarkus-qute-2.16.2.Final.jar:/home/dorustree/.m2/repository/io/quarkus/qute/qute-core/2.16.2.Final/qute-core-2.16.2.Final.jar:/home/dorustree/.m2/repository/io/quarkus/quarkus-mutiny/2.16.2.Final/quarkus-mutiny-2.16.2.Final.jar:/home/dorustree/.m2/repository/io/quarkus/quarkus-smallrye-context-propagation/2.16.2.Final/quarkus-smallrye-context-propagation-2.16.2.Final.jar:/home/dorustree/.m2/repository/io/smallrye/smallrye-context-propagation/1.2.2/smallrye-context-propagation-1.2.2.jar:/home/dorustree/.m2/repository/io/smallrye/smallrye-context-propagation-api/1.2.2/smallrye-context-propagation-api-1.2.2.jar:/home/dorustree/.m2/repository/io/smallrye/smallrye-context-propagation-storage/1.2.2/smallrye-context-propagation-storage-1.2.2.jar:/home/dorustree/.m2/repository/io/smallrye/reactive/mutiny-smallrye-context-propagation/1.9.0/mutiny-smallrye-context-propagation-1.9.0.jar:/home/dorustree/.m2/repository/io/smallrye/reactive/smallrye-mutiny-vertx-mail-client/2.30.1/smallrye-mutiny-vertx-mail-client-2.30.1.jar:/home/dorustree/.m2/repository/io/vertx/vertx-mail-client/4.3.7/vertx-mail-client-4.3.7.jar:/home/dorustree/.m2/repository/io/quarkus/quarkus-hibernate-orm-panache/2.16.2.Final/quarkus-hibernate-orm-panache-2.16.2.Final.jar:/home/dorustree/.m2/repository/io/quarkus/quarkus-hibernate-orm/2.16.2.Final/quarkus-hibernate-orm-2.16.2.Final.jar:/home/dorustree/.m2/repository/org/hibernate/hibernate-core/5.6.15.Final/hibernate-core-5.6.15.Final.jar:/home/dorustree/.m2/repository/antlr/antlr/2.7.7/antlr-2.7.7.jar:/home/dorustree/.m2/repository/org/hibernate/common/hibernate-commons-annotations/5.1.2.Final/hibernate-commons-annotations-5.1.2.Final.jar:/home/dorustree/.m2/repository/org/hibernate/hibernate-graalvm/5.6.15.Final/hibernate-graalvm-5.6.15.Final.jar:/home/dorustree/.m2/repository/org/glassfish/jaxb/jaxb-runtime/2.3.3-b02/jaxb-runtime-2.3.3-b02.jar:/home/dorustree/.m2/repository/org/glassfish/jaxb/txw2/2.3.3-b02/txw2-2.3.3-b02.jar:/home/dorustree/.m2/repository/com/sun/istack/istack-commons-runtime/3.0.10/istack-commons-runtime-3.0.10.jar:/home/dorustree/.m2/repository/org/jboss/spec/javax/xml/bind/jboss-jaxb-api_2.3_spec/2.0.0.Final/jboss-jaxb-api_2.3_spec-2.0.0.Final.jar:/home/dorustree/.m2/repository/jakarta/persistence/jakarta.persistence-api/2.2.3/jakarta.persistence-api-2.2.3.jar:/home/dorustree/.m2/repository/jakarta/transaction/jakarta.transaction-api/1.3.3/jakarta.transaction-api-1.3.3.jar:/home/dorustree/.m2/repository/org/hibernate/quarkus-local-cache/0.1.1/quarkus-local-cache-0.1.1.jar:/home/dorustree/.m2/repository/io/quarkus/quarkus-caffeine/2.16.2.Final/quarkus-caffeine-2.16.2.Final.jar:/home/dorustree/.m2/repository/com/github/ben-manes/caffeine/caffeine/3.1.1/caffeine-3.1.1.jar:/home/dorustree/.m2/repository/com/google/errorprone/error_prone_annotations/2.17.0/error_prone_annotations-2.17.0.jar:/home/dorustree/.m2/repository/io/quarkus/quarkus-hibernate-orm-panache-common/2.16.2.Final/quarkus-hibernate-orm-panache-common-2.16.2.Final.jar:/home/dorustree/.m2/repository/io/quarkus/quarkus-panache-hibernate-common/2.16.2.Final/quarkus-panache-hibernate-common-2.16.2.Final.jar:/home/dorustree/.m2/repository/io/quarkus/quarkus-panache-common/2.16.2.Final/quarkus-panache-common-2.16.2.Final.jar:/home/dorustree/.m2/repository/io/quarkus/quarkus-hibernate-validator/2.16.2.Final/quarkus-hibernate-validator-2.16.2.Final.jar:/home/dorustree/.m2/repository/org/hibernate/validator/hibernate-validator/6.2.5.Final/hibernate-validator-6.2.5.Final.jar:/home/dorustree/.m2/repository/com/fasterxml/classmate/1.5.1/classmate-1.5.1.jar:/home/dorustree/.m2/repository/org/glassfish/jakarta.el/3.0.4/jakarta.el-3.0.4.jar:/home/dorustree/.m2/repository/io/smallrye/config/smallrye-config-validator/2.13.2/smallrye-config-validator-2.13.2.jar:/home/dorustree/.m2/repository/org/jboss/spec/javax/ws/rs/jboss-jaxrs-api_2.1_spec/2.0.1.Final/jboss-jaxrs-api_2.1_spec-2.0.1.Final.jar:/home/dorustree/.m2/repository/io/quarkus/quarkus-jdbc-postgresql/2.16.2.Final/quarkus-jdbc-postgresql-2.16.2.Final.jar:/home/dorustree/.m2/repository/org/postgresql/postgresql/42.5.3/postgresql-42.5.3.jar:/home/dorustree/.m2/repository/io/quarkus/quarkus-liquibase/2.16.2.Final/quarkus-liquibase-2.16.2.Final.jar:/home/dorustree/.m2/repository/org/liquibase/liquibase-core/4.18.0/liquibase-core-4.18.0.jar:/home/dorustree/.m2/repository/com/opencsv/opencsv/5.7.1/opencsv-5.7.1.jar:/home/dorustree/.m2/repository/org/apache/commons/commons-text/1.10.0/commons-text-1.10.0.jar:/home/dorustree/.m2/repository/org/apache/commons/commons-collections4/4.4/commons-collections4-4.4.jar:/home/dorustree/.m2/repository/org/osgi/osgi.core/6.0.0/osgi.core-6.0.0.jar:/home/dorustree/.m2/repository/org/yaml/snakeyaml/1.33/snakeyaml-1.33.jar:/home/dorustree/.m2/repository/io/quarkus/quarkus-jaxb/2.16.2.Final/quarkus-jaxb-2.16.2.Final.jar:/home/dorustree/.m2/repository/io/quarkus/quarkus-jaxp/2.16.2.Final/quarkus-jaxp-2.16.2.Final.jar:/home/dorustree/.m2/repository/io/quarkus/quarkus-agroal/2.16.2.Final/quarkus-agroal-2.16.2.Final.jar:/home/dorustree/.m2/repository/io/quarkus/quarkus-datasource/2.16.2.Final/quarkus-datasource-2.16.2.Final.jar:/home/dorustree/.m2/repository/io/agroal/agroal-api/1.16/agroal-api-1.16.jar:/home/dorustree/.m2/repository/io/agroal/agroal-narayana/1.16/agroal-narayana-1.16.jar:/home/dorustree/.m2/repository/org/jboss/jboss-transaction-spi/7.6.0.Final/jboss-transaction-spi-7.6.0.Final.jar:/home/dorustree/.m2/repository/io/agroal/agroal-pool/1.16/agroal-pool-1.16.jar:/home/dorustree/.m2/repository/io/quarkus/quarkus-datasource-common/2.16.2.Final/quarkus-datasource-common-2.16.2.Final.jar:/home/dorustree/.m2/repository/io/quarkus/quarkus-narayana-jta/2.16.2.Final/quarkus-narayana-jta-2.16.2.Final.jar:/home/dorustree/.m2/repository/io/quarkus/quarkus-transaction-annotations/2.16.2.Final/quarkus-transaction-annotations-2.16.2.Final.jar:/home/dorustree/.m2/repository/io/smallrye/smallrye-context-propagation-jta/1.2.2/smallrye-context-propagation-jta-1.2.2.jar:/home/dorustree/.m2/repository/io/smallrye/reactive/smallrye-reactive-converter-api/2.7.0/smallrye-reactive-converter-api-2.7.0.jar:/home/dorustree/.m2/repository/io/smallrye/reactive/smallrye-reactive-converter-mutiny/2.7.0/smallrye-reactive-converter-mutiny-2.7.0.jar:/home/dorustree/.m2/repository/org/jboss/narayana/jta/narayana-jta/5.13.1.Final/narayana-jta-5.13.1.Final.jar:/home/dorustree/.m2/repository/org/jboss/spec/javax/resource/jboss-connector-api_1.7_spec/1.0.0.Final/jboss-connector-api_1.7_spec-1.0.0.Final.jar:/home/dorustree/.m2/repository/org/jboss/narayana/jts/narayana-jts-integration/5.13.1.Final/narayana-jts-integration-5.13.1.Final.jar:/home/dorustree/.m2/repository/io/quarkus/quarkus-elytron-security-jdbc/2.16.2.Final/quarkus-elytron-security-jdbc-2.16.2.Final.jar:/home/dorustree/.m2/repository/io/quarkus/quarkus-elytron-security/2.16.2.Final/quarkus-elytron-security-2.16.2.Final.jar:/home/dorustree/.m2/repository/io/quarkus/quarkus-elytron-security-common/2.16.2.Final/quarkus-elytron-security-common-2.16.2.Final.jar:/home/dorustree/.m2/repository/org/wildfly/security/wildfly-elytron-auth-server/1.20.1.Final/wildfly-elytron-auth-server-1.20.1.Final.jar:/home/dorustree/.m2/repository/org/wildfly/security/wildfly-elytron-base/1.20.1.Final/wildfly-elytron-base-1.20.1.Final.jar:/home/dorustree/.m2/repository/org/wildfly/security/wildfly-elytron-permission/1.20.1.Final/wildfly-elytron-permission-1.20.1.Final.jar:/home/dorustree/.m2/repository/org/wildfly/security/wildfly-elytron-x500/1.20.1.Final/wildfly-elytron-x500-1.20.1.Final.jar:/home/dorustree/.m2/repository/org/wildfly/security/wildfly-elytron-password-impl/1.20.1.Final/wildfly-elytron-password-impl-1.20.1.Final.jar:/home/dorustree/.m2/repository/org/wildfly/security/wildfly-elytron-realm/1.20.1.Final/wildfly-elytron-realm-1.20.1.Final.jar:/home/dorustree/.m2/repository/org/wildfly/security/wildfly-elytron-encryption/1.20.1.Final/wildfly-elytron-encryption-1.20.1.Final.jar:/home/dorustree/.m2/repository/jakarta/security/jacc/jakarta.security.jacc-api/1.6.1/jakarta.security.jacc-api-1.6.1.jar:/home/dorustree/.m2/repository/jakarta/security/auth/message/jakarta.security.auth.message-api/1.1.3/jakarta.security.auth.message-api-1.1.3.jar:/home/dorustree/.m2/repository/org/wildfly/security/wildfly-elytron-realm-jdbc/1.20.1.Final/wildfly-elytron-realm-jdbc-1.20.1.Final.jar:/home/dorustree/.m2/repository/org/wildfly/security/wildfly-elytron-auth/1.20.1.Final/wildfly-elytron-auth-1.20.1.Final.jar:/home/dorustree/.m2/repository/org/wildfly/security/wildfly-elytron-credential/1.20.1.Final/wildfly-elytron-credential-1.20.1.Final.jar:/home/dorustree/.m2/repository/org/wildfly/security/wildfly-elytron-asn1/1.20.1.Final/wildfly-elytron-asn1-1.20.1.Final.jar:/home/dorustree/.m2/repository/org/wildfly/security/wildfly-elytron-keystore/1.20.1.Final/wildfly-elytron-keystore-1.20.1.Final.jar:/home/dorustree/.m2/repository/org/wildfly/security/wildfly-elytron-x500-cert/1.20.1.Final/wildfly-elytron-x500-cert-1.20.1.Final.jar:/home/dorustree/.m2/repository/org/wildfly/security/wildfly-elytron-x500-cert-util/1.20.1.Final/wildfly-elytron-x500-cert-util-1.20.1.Final.jar:/home/dorustree/.m2/repository/org/apache/sshd/sshd-common/2.9.2/sshd-common-2.9.2.jar:/home/dorustree/.m2/repository/org/wildfly/security/wildfly-elytron-provider-util/1.20.1.Final/wildfly-elytron-provider-util-1.20.1.Final.jar:/home/dorustree/.m2/repository/org/wildfly/security/wildfly-elytron-util/1.20.1.Final/wildfly-elytron-util-1.20.1.Final.jar:/home/dorustree/.m2/repository/io/quarkus/quarkus-smallrye-jwt/2.16.2.Final/quarkus-smallrye-jwt-2.16.2.Final.jar:/home/dorustree/.m2/repository/io/smallrye/smallrye-jwt/3.6.0/smallrye-jwt-3.6.0.jar:/home/dorustree/.m2/repository/org/eclipse/microprofile/config/microprofile-config-api/2.0.1/microprofile-config-api-2.0.1.jar:/home/dorustree/.m2/repository/org/eclipse/microprofile/jwt/microprofile-jwt-auth-api/1.2/microprofile-jwt-auth-api-1.2.jar:/home/dorustree/.m2/repository/org/bitbucket/b_c/jose4j/0.9.2/jose4j-0.9.2.jar:/home/dorustree/.m2/repository/io/smallrye/smallrye-jwt-common/3.6.0/smallrye-jwt-common-3.6.0.jar:/home/dorustree/.m2/repository/io/quarkus/quarkus-reactive-routes/2.16.2.Final/quarkus-reactive-routes-2.16.2.Final.jar:/home/dorustree/.m2/repository/io/quarkus/quarkus-jackson/2.16.2.Final/quarkus-jackson-2.16.2.Final.jar:/home/dorustree/.m2/repository/com/fasterxml/jackson/datatype/jackson-datatype-jsr310/2.14.2/jackson-datatype-jsr310-2.14.2.jar:/home/dorustree/.m2/repository/com/fasterxml/jackson/datatype/jackson-datatype-jdk8/2.14.2/jackson-datatype-jdk8-2.14.2.jar:/home/dorustree/.m2/repository/com/fasterxml/jackson/module/jackson-module-parameter-names/2.14.2/jackson-module-parameter-names-2.14.2.jar:/home/dorustree/.m2/repository/io/quarkus/quarkus-security/2.16.2.Final/quarkus-security-2.16.2.Final.jar:/home/dorustree/.m2/repository/io/quarkus/quarkus-smallrye-jwt-build/2.16.2.Final/quarkus-smallrye-jwt-build-2.16.2.Final.jar:/home/dorustree/.m2/repository/io/smallrye/smallrye-jwt-build/3.6.0/smallrye-jwt-build-3.6.0.jar:/home/dorustree/.m2/repository/io/quarkus/quarkus-jsonp/2.16.2.Final/quarkus-jsonp-2.16.2.Final.jar:/home/dorustree/.m2/repository/org/glassfish/jakarta.json/1.1.6/jakarta.json-1.1.6.jar:/home/dorustree/.m2/repository/io/quarkus/quarkus-micrometer/2.16.2.Final/quarkus-micrometer-2.16.2.Final.jar:/home/dorustree/.m2/repository/io/micrometer/micrometer-core/1.10.2/micrometer-core-1.10.2.jar:/home/dorustree/.m2/repository/io/micrometer/micrometer-commons/1.10.2/micrometer-commons-1.10.2.jar:/home/dorustree/.m2/repository/io/micrometer/micrometer-observation/1.10.2/micrometer-observation-1.10.2.jar:/home/dorustree/.m2/repository/org/hdrhistogram/HdrHistogram/2.1.12/HdrHistogram-2.1.12.jar:/home/dorustree/.m2/repository/org/latencyutils/LatencyUtils/2.0.3/LatencyUtils-2.0.3.jar:/home/dorustree/.m2/repository/org/jboss/slf4j/slf4j-jboss-logmanager/1.2.0.Final/slf4j-jboss-logmanager-1.2.0.Final.jar:/home/dorustree/.m2/repository/io/quarkus/quarkus-micrometer-registry-prometheus/2.16.2.Final/quarkus-micrometer-registry-prometheus-2.16.2.Final.jar:/home/dorustree/.m2/repository/io/micrometer/micrometer-registry-prometheus/1.10.2/micrometer-registry-prometheus-1.10.2.jar:/home/dorustree/.m2/repository/io/prometheus/simpleclient_common/0.16.0/simpleclient_common-0.16.0.jar:/home/dorustree/.m2/repository/io/prometheus/simpleclient/0.16.0/simpleclient-0.16.0.jar:/home/dorustree/.m2/repository/io/prometheus/simpleclient_tracer_otel/0.16.0/simpleclient_tracer_otel-0.16.0.jar:/home/dorustree/.m2/repository/io/prometheus/simpleclient_tracer_common/0.16.0/simpleclient_tracer_common-0.16.0.jar:/home/dorustree/.m2/repository/io/prometheus/simpleclient_tracer_otel_agent/0.16.0/simpleclient_tracer_otel_agent-0.16.0.jar:/home/dorustree/.m2/repository/io/quarkus/quarkus-smallrye-health/2.16.2.Final/quarkus-smallrye-health-2.16.2.Final.jar:/home/dorustree/.m2/repository/io/smallrye/smallrye-health/3.3.1/smallrye-health-3.3.1.jar:/home/dorustree/.m2/repository/org/eclipse/microprofile/health/microprofile-health-api/3.1/microprofile-health-api-3.1.jar:/home/dorustree/.m2/repository/io/smallrye/smallrye-health-api/3.3.1/smallrye-health-api-3.3.1.jar:/home/dorustree/.m2/repository/io/smallrye/smallrye-health-provided-checks/3.3.1/smallrye-health-provided-checks-3.3.1.jar:/home/dorustree/.m2/repository/io/quarkus/quarkus-smallrye-openapi/2.16.2.Final/quarkus-smallrye-openapi-2.16.2.Final.jar:/home/dorustree/.m2/repository/io/smallrye/smallrye-open-api-core/3.1.1/smallrye-open-api-core-3.1.1.jar:/home/dorustree/.m2/repository/org/eclipse/microprofile/openapi/microprofile-openapi-api/2.0.1/microprofile-openapi-api-2.0.1.jar:/home/dorustree/.m2/repository/com/fasterxml/jackson/core/jackson-core/2.14.2/jackson-core-2.14.2.jar:/home/dorustree/.m2/repository/com/fasterxml/jackson/core/jackson-databind/2.14.2/jackson-databind-2.14.2.jar:/home/dorustree/.m2/repository/com/fasterxml/jackson/dataformat/jackson-dataformat-yaml/2.14.2/jackson-dataformat-yaml-2.14.2.jar:/home/dorustree/.m2/repository/io/smallrye/jandex/3.0.5/jandex-3.0.5.jar:/home/dorustree/.m2/repository/io/quarkus/quarkus-swagger-ui/2.16.2.Final/quarkus-swagger-ui-2.16.2.Final.jar:/home/dorustree/.m2/repository/org/apache/commons/commons-lang3/3.12.0/commons-lang3-3.12.0.jar:/home/dorustree/.m2/repository/io/quarkus/quarkus-arc/2.16.2.Final/quarkus-arc-2.16.2.Final.jar:/home/dorustree/.m2/repository/io/quarkus/arc/arc/2.16.2.Final/arc-2.16.2.Final.jar:/home/dorustree/.m2/repository/org/mapstruct/mapstruct/1.5.3.Final/mapstruct-1.5.3.Final.jar:/home/dorustree/.m2/repository/org/mapstruct/mapstruct-processor/1.5.3.Final/mapstruct-processor-1.5.3.Final.jar:/home/dorustree/.m2/repository/com/tietoevry/quarkus/quarkus-resteasy-problem/2.2.0/quarkus-resteasy-problem-2.2.0.jar:/home/dorustree/.m2/repository/com/google/code/findbugs/jsr305/3.0.2/jsr305-3.0.2.jar:/home/dorustree/.m2/repository/io/quarkus/quarkus-junit5/2.16.2.Final/quarkus-junit5-2.16.2.Final.jar:/home/dorustree/.m2/repository/io/quarkus/quarkus-bootstrap-core/2.16.2.Final/quarkus-bootstrap-core-2.16.2.Final.jar:/home/dorustree/.m2/repository/io/quarkus/quarkus-bootstrap-app-model/2.16.2.Final/quarkus-bootstrap-app-model-2.16.2.Final.jar:/home/dorustree/.m2/repository/io/smallrye/common/smallrye-common-io/1.13.2/smallrye-common-io-1.13.2.jar:/home/dorustree/.m2/repository/org/eclipse/sisu/org.eclipse.sisu.inject/0.3.5/org.eclipse.sisu.inject-0.3.5.jar:/home/dorustree/.m2/repository/io/quarkus/quarkus-test-common/2.16.2.Final/quarkus-test-common-2.16.2.Final.jar:/home/dorustree/.m2/repository/io/quarkus/quarkus-core-deployment/2.16.2.Final/quarkus-core-deployment-2.16.2.Final.jar:/home/dorustree/.m2/repository/org/aesh/readline/2.2/readline-2.2.jar:/home/dorustree/.m2/repository/org/fusesource/jansi/jansi/1.18/jansi-1.18.jar:/home/dorustree/.m2/repository/org/aesh/aesh/2.7/aesh-2.7.jar:/home/dorustree/.m2/repository/io/quarkus/gizmo/gizmo/1.6.0.Final/gizmo-1.6.0.Final.jar:/home/dorustree/.m2/repository/org/ow2/asm/asm-util/9.4/asm-util-9.4.jar:/home/dorustree/.m2/repository/org/ow2/asm/asm-analysis/9.4/asm-analysis-9.4.jar:/home/dorustree/.m2/repository/io/quarkus/quarkus-class-change-agent/2.16.2.Final/quarkus-class-change-agent-2.16.2.Final.jar:/home/dorustree/.m2/repository/io/quarkus/quarkus-devtools-utilities/2.16.2.Final/quarkus-devtools-utilities-2.16.2.Final.jar:/home/dorustree/.m2/repository/io/quarkus/quarkus-builder/2.16.2.Final/quarkus-builder-2.16.2.Final.jar:/home/dorustree/.m2/repository/org/junit/platform/junit-platform-launcher/1.9.2/junit-platform-launcher-1.9.2.jar:/home/dorustree/.m2/repository/io/quarkus/quarkus-bootstrap-maven-resolver/2.16.2.Final/quarkus-bootstrap-maven-resolver-2.16.2.Final.jar:/home/dorustree/.m2/repository/org/apache/maven/maven-embedder/3.8.6/maven-embedder-3.8.6.jar:/home/dorustree/.m2/repository/org/apache/maven/maven-settings/3.8.6/maven-settings-3.8.6.jar:/home/dorustree/.m2/repository/org/apache/maven/maven-core/3.8.6/maven-core-3.8.6.jar:/home/dorustree/.m2/repository/org/apache/maven/maven-artifact/3.8.6/maven-artifact-3.8.6.jar:/home/dorustree/.m2/repository/org/codehaus/plexus/plexus-component-annotations/2.1.0/plexus-component-annotations-2.1.0.jar:/home/dorustree/.m2/repository/org/apache/maven/maven-plugin-api/3.8.6/maven-plugin-api-3.8.6.jar:/home/dorustree/.m2/repository/org/apache/maven/maven-model/3.8.6/maven-model-3.8.6.jar:/home/dorustree/.m2/repository/org/apache/maven/maven-model-builder/3.8.6/maven-model-builder-3.8.6.jar:/home/dorustree/.m2/repository/org/apache/maven/maven-builder-support/3.8.6/maven-builder-support-3.8.6.jar:/home/dorustree/.m2/repository/org/apache/maven/resolver/maven-resolver-api/1.6.3/maven-resolver-api-1.6.3.jar:/home/dorustree/.m2/repository/org/apache/maven/resolver/maven-resolver-util/1.6.3/maven-resolver-util-1.6.3.jar:/home/dorustree/.m2/repository/org/apache/maven/shared/maven-shared-utils/3.3.4/maven-shared-utils-3.3.4.jar:/home/dorustree/.m2/repository/com/google/inject/guice/4.2.2/guice-4.2.2-no_aop.jar:/home/dorustree/.m2/repository/com/google/guava/guava/31.1-jre/guava-31.1-jre.jar:/home/dorustree/.m2/repository/com/google/guava/failureaccess/1.0.1/failureaccess-1.0.1.jar:/home/dorustree/.m2/repository/org/codehaus/plexus/plexus-classworlds/2.6.0/plexus-classworlds-2.6.0.jar:/home/dorustree/.m2/repository/org/codehaus/plexus/plexus-sec-dispatcher/2.0/plexus-sec-dispatcher-2.0.jar:/home/dorustree/.m2/repository/org/codehaus/plexus/plexus-cipher/2.0/plexus-cipher-2.0.jar:/home/dorustree/.m2/repository/commons-cli/commons-cli/1.4/commons-cli-1.4.jar:/home/dorustree/.m2/repository/org/eclipse/sisu/org.eclipse.sisu.plexus/0.3.5/org.eclipse.sisu.plexus-0.3.5.jar:/home/dorustree/.m2/repository/org/apache/maven/maven-settings-builder/3.8.6/maven-settings-builder-3.8.6.jar:/home/dorustree/.m2/repository/org/codehaus/plexus/plexus-interpolation/1.26/plexus-interpolation-1.26.jar:/home/dorustree/.m2/repository/org/apache/maven/maven-resolver-provider/3.8.6/maven-resolver-provider-3.8.6.jar:/home/dorustree/.m2/repository/org/apache/maven/maven-repository-metadata/3.8.6/maven-repository-metadata-3.8.6.jar:/home/dorustree/.m2/repository/org/apache/maven/resolver/maven-resolver-spi/1.6.3/maven-resolver-spi-1.6.3.jar:/home/dorustree/.m2/repository/org/apache/maven/resolver/maven-resolver-impl/1.6.3/maven-resolver-impl-1.6.3.jar:/home/dorustree/.m2/repository/org/codehaus/plexus/plexus-utils/3.3.0/plexus-utils-3.3.0.jar:/home/dorustree/.m2/repository/org/apache/maven/resolver/maven-resolver-connector-basic/1.6.3/maven-resolver-connector-basic-1.6.3.jar:/home/dorustree/.m2/repository/org/apache/maven/resolver/maven-resolver-transport-wagon/1.6.3/maven-resolver-transport-wagon-1.6.3.jar:/home/dorustree/.m2/repository/org/apache/maven/wagon/wagon-http/3.5.1/wagon-http-3.5.1.jar:/home/dorustree/.m2/repository/org/apache/maven/wagon/wagon-http-shared/3.5.1/wagon-http-shared-3.5.1.jar:/home/dorustree/.m2/repository/org/apache/maven/wagon/wagon-provider-api/3.5.1/wagon-provider-api-3.5.1.jar:/home/dorustree/.m2/repository/org/apache/maven/wagon/wagon-file/3.5.1/wagon-file-3.5.1.jar:/home/dorustree/.m2/repository/io/quarkus/quarkus-bootstrap-gradle-resolver/2.16.2.Final/quarkus-bootstrap-gradle-resolver-2.16.2.Final.jar:/home/dorustree/.m2/repository/org/jboss/logging/commons-logging-jboss-logging/1.0.0.Final/commons-logging-jboss-logging-1.0.0.Final.jar:/home/dorustree/.m2/repository/io/quarkus/quarkus-junit5-properties/2.16.2.Final/quarkus-junit5-properties-2.16.2.Final.jar:/home/dorustree/.m2/repository/org/junit/jupiter/junit-jupiter/5.9.2/junit-jupiter-5.9.2.jar:/home/dorustree/.m2/repository/org/junit/jupiter/junit-jupiter-api/5.9.2/junit-jupiter-api-5.9.2.jar:/home/dorustree/.m2/repository/org/opentest4j/opentest4j/1.2.0/opentest4j-1.2.0.jar:/home/dorustree/.m2/repository/org/junit/platform/junit-platform-commons/1.9.2/junit-platform-commons-1.9.2.jar:/home/dorustree/.m2/repository/org/apiguardian/apiguardian-api/1.1.2/apiguardian-api-1.1.2.jar:/home/dorustree/.m2/repository/org/junit/jupiter/junit-jupiter-params/5.9.2/junit-jupiter-params-5.9.2.jar:/home/dorustree/.m2/repository/org/junit/jupiter/junit-jupiter-engine/5.9.2/junit-jupiter-engine-5.9.2.jar:/home/dorustree/.m2/repository/org/junit/platform/junit-platform-engine/1.9.2/junit-platform-engine-1.9.2.jar:/home/dorustree/.m2/repository/com/thoughtworks/xstream/xstream/1.4.20/xstream-1.4.20.jar:/home/dorustree/.m2/repository/io/github/x-stream/mxparser/1.2.2/mxparser-1.2.2.jar:/home/dorustree/.m2/repository/xmlpull/xmlpull/1.1.3.1/xmlpull-1.1.3.1.jar:/home/dorustree/.m2/repository/io/quarkus/quarkus-junit5-mockito/2.16.2.Final/quarkus-junit5-mockito-2.16.2.Final.jar:/home/dorustree/.m2/repository/io/quarkus/quarkus-junit5-mockito-config/2.16.2.Final/quarkus-junit5-mockito-config-2.16.2.Final.jar:/home/dorustree/.m2/repository/io/quarkus/quarkus-arc-deployment/2.16.2.Final/quarkus-arc-deployment-2.16.2.Final.jar:/home/dorustree/.m2/repository/io/quarkus/quarkus-smallrye-context-propagation-spi/2.16.2.Final/quarkus-smallrye-context-propagation-spi-2.16.2.Final.jar:/home/dorustree/.m2/repository/io/quarkus/quarkus-vertx-http-dev-console-spi/2.16.2.Final/quarkus-vertx-http-dev-console-spi-2.16.2.Final.jar:/home/dorustree/.m2/repository/io/quarkus/arc/arc-processor/2.16.2.Final/arc-processor-2.16.2.Final.jar:/home/dorustree/.m2/repository/org/mockito/mockito-core/4.11.0/mockito-core-4.11.0.jar:/home/dorustree/.m2/repository/net/bytebuddy/byte-buddy-agent/1.12.19/byte-buddy-agent-1.12.19.jar:/home/dorustree/.m2/repository/org/objenesis/objenesis/3.3/objenesis-3.3.jar:/home/dorustree/.m2/repository/io/rest-assured/rest-assured/4.5.1/rest-assured-4.5.1.jar:/home/dorustree/.m2/repository/org/codehaus/groovy/groovy/3.0.9/groovy-3.0.9.jar:/home/dorustree/.m2/repository/org/codehaus/groovy/groovy-xml/3.0.9/groovy-xml-3.0.9.jar:/home/dorustree/.m2/repository/org/apache/httpcomponents/httpclient/4.5.14/httpclient-4.5.14.jar:/home/dorustree/.m2/repository/org/apache/httpcomponents/httpcore/4.4.16/httpcore-4.4.16.jar:/home/dorustree/.m2/repository/commons-codec/commons-codec/1.15/commons-codec-1.15.jar:/home/dorustree/.m2/repository/org/apache/httpcomponents/httpmime/4.5.14/httpmime-4.5.14.jar:/home/dorustree/.m2/repository/org/hamcrest/hamcrest/2.1/hamcrest-2.1.jar:/home/dorustree/.m2/repository/org/ccil/cowan/tagsoup/tagsoup/1.2.1/tagsoup-1.2.1.jar:/home/dorustree/.m2/repository/io/rest-assured/json-path/4.5.1/json-path-4.5.1.jar:/home/dorustree/.m2/repository/org/codehaus/groovy/groovy-json/3.0.9/groovy-json-3.0.9.jar:/home/dorustree/.m2/repository/io/rest-assured/rest-assured-common/4.5.1/rest-assured-common-4.5.1.jar:/home/dorustree/.m2/repository/io/rest-assured/xml-path/4.5.1/xml-path-4.5.1.jar:/home/dorustree/.m2/repository/org/assertj/assertj-core/3.24.2/assertj-core-3.24.2.jar:/home/dorustree/.m2/repository/net/bytebuddy/byte-buddy/1.12.18/byte-buddy-1.12.18.jar:/home/dorustree/.m2/repository/com/tngtech/archunit/archunit-junit5/1.0.1/archunit-junit5-1.0.1.jar:/home/dorustree/.m2/repository/com/tngtech/archunit/archunit-junit5-api/1.0.1/archunit-junit5-api-1.0.1.jar:/home/dorustree/.m2/repository/com/tngtech/archunit/archunit/1.0.1/archunit-1.0.1.jar:/home/dorustree/.m2/repository/com/tngtech/archunit/archunit-junit5-engine/1.0.1/archunit-junit5-engine-1.0.1.jar:/home/dorustree/.m2/repository/com/tngtech/archunit/archunit-junit5-engine-api/1.0.1/archunit-junit5-engine-api-1.0.1.jar:/home/dorustree/.m2/repository/io/quarkus/quarkus-jacoco/2.16.2.Final/quarkus-jacoco-2.16.2.Final.jar:/home/dorustree/.m2/repository/org/jacoco/org.jacoco.core/0.8.8/org.jacoco.core-0.8.8.jar:/home/dorustree/.m2/repository/org/ow2/asm/asm/9.4/asm-9.4.jar:/home/dorustree/.m2/repository/org/ow2/asm/asm-tree/9.4/asm-tree-9.4.jar:/home/dorustree/.m2/repository/org/jacoco/org.jacoco.report/0.8.8/org.jacoco.report-0.8.8.jar:/home/dorustree/.m2/repository/org/jacoco/org.jacoco.agent/0.8.8/org.jacoco.agent-0.8.8.jar:/home/dorustree/.m2/repository/org/jacoco/org.jacoco.agent/0.8.8/org.jacoco.agent-0.8.8-runtime.jar:/home/dorustree/.m2/repository/org/ow2/asm/asm-commons/9.4/asm-commons-9.4.jar:/home/dorustree/.m2/repository/org/testcontainers/testcontainers/1.17.6/testcontainers-1.17.6.jar:/home/dorustree/.m2/repository/junit/junit/4.13.2/junit-4.13.2.jar:/home/dorustree/.m2/repository/org/slf4j/slf4j-api/1.7.36/slf4j-api-1.7.36.jar:/home/dorustree/.m2/repository/org/apache/commons/commons-compress/1.22/commons-compress-1.22.jar:/home/dorustree/.m2/repository/org/rnorth/duct-tape/duct-tape/1.0.8/duct-tape-1.0.8.jar:/home/dorustree/.m2/repository/org/jetbrains/annotations/17.0.0/annotations-17.0.0.jar:/home/dorustree/.m2/repository/com/github/docker-java/docker-java-api/3.2.13/docker-java-api-3.2.13.jar:/home/dorustree/.m2/repository/com/fasterxml/jackson/core/jackson-annotations/2.14.2/jackson-annotations-2.14.2.jar:/home/dorustree/.m2/repository/com/github/docker-java/docker-java-transport-zerodep/3.2.13/docker-java-transport-zerodep-3.2.13.jar:/home/dorustree/.m2/repository/com/github/docker-java/docker-java-transport/3.2.13/docker-java-transport-3.2.13.jar:/home/dorustree/.m2/repository/net/java/dev/jna/jna/5.8.0/jna-5.8.0.jar:"/>
    <property name="sun.cpu.endian" value="little"/>
    <property name="user.home" value="/home/dorustree"/>
    <property name="user.language" value="en"/>
    <property name="java.specification.vendor" value="Oracle Corporation"/>
    <property name="java.version.date" value="2023-04-18"/>
    <property name="java.home" value="/usr/lib/jvm/java-11-openjdk-amd64"/>
    <property name="file.separator" value="/"/>
    <property name="basedir" value="/home/dorustree/Pictures/ocm-poc/ocm-poc"/>
    <property name="java.vm.compressedOopsMode" value="Zero based"/>
    <property name="line.separator" value="&#10;"/>
    <property name="java.specification.name" value="Java Platform API Specification"/>
    <property name="java.vm.specification.vendor" value="Oracle Corporation"/>
    <property name="java.awt.graphicsenv" value="sun.awt.X11GraphicsEnvironment"/>
    <property name="surefire.real.class.path" value="/home/dorustree/Pictures/ocm-poc/ocm-poc/target/surefire/surefirebooter-20230629125300638_3.jar"/>
    <property name="sun.management.compiler" value="HotSpot 64-Bit Tiered Compilers"/>
    <property name="java.runtime.version" value="11.0.19+7-post-Ubuntu-0ubuntu122.04.1"/>
    <property name="user.name" value="dorustree"/>
    <property name="path.separator" value=":"/>
    <property name="os.version" value="5.19.0-45-generic"/>
    <property name="java.runtime.name" value="OpenJDK Runtime Environment"/>
    <property name="file.encoding" value="UTF-8"/>
    <property name="java.vm.name" value="OpenJDK 64-Bit Server VM"/>
    <property name="localRepository" value="/home/dorustree/.m2/repository"/>
    <property name="java.vendor.url.bug" value="https://bugs.launchpad.net/ubuntu/+source/openjdk-lts"/>
    <property name="java.io.tmpdir" value="/tmp"/>
    <property name="java.version" value="11.0.19"/>
    <property name="user.dir" value="/home/dorustree/Pictures/ocm-poc/ocm-poc"/>
    <property name="os.arch" value="amd64"/>
    <property name="java.vm.specification.name" value="Java Virtual Machine Specification"/>
    <property name="java.awt.printerjob" value="sun.print.PSPrinterJob"/>
    <property name="sun.os.patch.level" value="unknown"/>
    <property name="java.util.logging.manager" value="org.jboss.logmanager.LogManager"/>
    <property name="java.library.path" value="/usr/java/packages/lib:/usr/lib/x86_64-linux-gnu/jni:/lib/x86_64-linux-gnu:/usr/lib/x86_64-linux-gnu:/usr/lib/jni:/lib:/usr/lib"/>
    <property name="java.vm.info" value="mixed mode, sharing"/>
    <property name="java.vendor" value="Ubuntu"/>
    <property name="java.vm.version" value="11.0.19+7-post-Ubuntu-0ubuntu122.04.1"/>
    <property name="sun.io.unicode.encoding" value="UnicodeLittle"/>
    <property name="java.class.version" value="55.0"/>
  </properties>
  <testcase name="testAuthorityEquals" classname="com.product.app.domain.AuthorityTest" time="0.034"/>
</testsuite>